This is pdfTeX, Version 3.141592653-2.6-1.40.26 (TeX Live 2024/Arch Linux) (preloaded format=pdflatex 2025.1.19)  12 FEB 2025 12:34
entering extended mode
 restricted \write18 enabled.
 file:line:error style messages enabled.
 %&-line parsing enabled.
**main.tex
(./main.tex
LaTeX2e <2023-11-01> patch level 1
L3 programming layer <2024-02-20>
(/usr/share/texmf-dist/tex/latex/base/article.cls
Document Class: article 2023/05/17 v1.4n Standard LaTeX document class
(/usr/share/texmf-dist/tex/latex/base/size10.clo
File: size10.clo 2023/05/17 v1.4n Standard LaTeX file (size option)
)
\c@part=\count188
\c@section=\count189
\c@subsection=\count190
\c@subsubsection=\count191
\c@paragraph=\count192
\c@subparagraph=\count193
\c@figure=\count194
\c@table=\count195
\abovecaptionskip=\skip48
\belowcaptionskip=\skip49
\bibindent=\dimen140
) (./header.tex (/usr/share/texmf-dist/tex/latex/psnfss/times.sty
Package: times 2020/03/25 PSNFSS-v9.3 (SPQR) 
) (/usr/share/texmf-dist/tex/latex/listings/listings.sty (/usr/share/texmf-dist/tex/latex/graphics/keyval.sty
Package: keyval 2022/05/29 v1.15 key=value parser (DPC)
\KV@toks@=\toks17
)
\lst@mode=\count196
\lst@gtempboxa=\box51
\lst@token=\toks18
\lst@length=\count197
\lst@currlwidth=\dimen141
\lst@column=\count198
\lst@pos=\count199
\lst@lostspace=\dimen142
\lst@width=\dimen143
\lst@newlines=\count266
\lst@lineno=\count267
\lst@maxwidth=\dimen144
 (/usr/share/texmf-dist/tex/latex/listings/lstpatch.sty
File: lstpatch.sty 2024/02/21 1.10 (Carsten Heinz)
) (/usr/share/texmf-dist/tex/latex/listings/lstmisc.sty
File: lstmisc.sty 2024/02/21 1.10 (Carsten Heinz)
\c@lstnumber=\count268
\lst@skipnumbers=\count269
\lst@framebox=\box52
) (/usr/share/texmf-dist/tex/latex/listings/listings.cfg
File: listings.cfg 2024/02/21 1.10 listings configuration
))
Package: listings 2024/02/21 1.10 (Carsten Heinz)
 (/usr/share/texmf-dist/tex/latex/base/fontenc.sty
Package: fontenc 2021/04/29 v2.0v Standard LaTeX package
LaTeX Font Info:    Trying to load font information for T1+ptm on input line 112.
 (/usr/share/texmf-dist/tex/latex/psnfss/t1ptm.fd
File: t1ptm.fd 2001/06/04 font definitions for T1/ptm.
)) (/usr/share/texmf-dist/tex/latex/lm/lmodern.sty
Package: lmodern 2015/05/01 v1.6.1 Latin Modern Fonts
LaTeX Font Info:    Overwriting symbol font `operators' in version `normal'
(Font)                  OT1/cmr/m/n --> OT1/lmr/m/n on input line 22.
LaTeX Font Info:    Overwriting symbol font `letters' in version `normal'
(Font)                  OML/cmm/m/it --> OML/lmm/m/it on input line 23.
LaTeX Font Info:    Overwriting symbol font `symbols' in version `normal'
(Font)                  OMS/cmsy/m/n --> OMS/lmsy/m/n on input line 24.
LaTeX Font Info:    Overwriting symbol font `largesymbols' in version `normal'
(Font)                  OMX/cmex/m/n --> OMX/lmex/m/n on input line 25.
LaTeX Font Info:    Overwriting symbol font `operators' in version `bold'
(Font)                  OT1/cmr/bx/n --> OT1/lmr/bx/n on input line 26.
LaTeX Font Info:    Overwriting symbol font `letters' in version `bold'
(Font)                  OML/cmm/b/it --> OML/lmm/b/it on input line 27.
LaTeX Font Info:    Overwriting symbol font `symbols' in version `bold'
(Font)                  OMS/cmsy/b/n --> OMS/lmsy/b/n on input line 28.
LaTeX Font Info:    Overwriting symbol font `largesymbols' in version `bold'
(Font)                  OMX/cmex/m/n --> OMX/lmex/m/n on input line 29.
LaTeX Font Info:    Overwriting math alphabet `\mathbf' in version `normal'
(Font)                  OT1/cmr/bx/n --> OT1/lmr/bx/n on input line 31.
LaTeX Font Info:    Overwriting math alphabet `\mathsf' in version `normal'
(Font)                  OT1/cmss/m/n --> OT1/lmss/m/n on input line 32.
LaTeX Font Info:    Overwriting math alphabet `\mathit' in version `normal'
(Font)                  OT1/cmr/m/it --> OT1/lmr/m/it on input line 33.
LaTeX Font Info:    Overwriting math alphabet `\mathtt' in version `normal'
(Font)                  OT1/cmtt/m/n --> OT1/lmtt/m/n on input line 34.
LaTeX Font Info:    Overwriting math alphabet `\mathbf' in version `bold'
(Font)                  OT1/cmr/bx/n --> OT1/lmr/bx/n on input line 35.
LaTeX Font Info:    Overwriting math alphabet `\mathsf' in version `bold'
(Font)                  OT1/cmss/bx/n --> OT1/lmss/bx/n on input line 36.
LaTeX Font Info:    Overwriting math alphabet `\mathit' in version `bold'
(Font)                  OT1/cmr/bx/it --> OT1/lmr/bx/it on input line 37.
LaTeX Font Info:    Overwriting math alphabet `\mathtt' in version `bold'
(Font)                  OT1/cmtt/m/n --> OT1/lmtt/m/n on input line 38.
) (/usr/share/texmf-dist/tex/latex/parskip/parskip.sty
Package: parskip 2021-03-14 v2.0h non-zero parskip adjustments
 (/usr/share/texmf-dist/tex/latex/kvoptions/kvoptions.sty
Package: kvoptions 2022-06-15 v3.15 Key value format for package options (HO)
 (/usr/share/texmf-dist/tex/generic/ltxcmds/ltxcmds.sty
Package: ltxcmds 2023-12-04 v1.26 LaTeX kernel commands for general use (HO)
) (/usr/share/texmf-dist/tex/latex/kvsetkeys/kvsetkeys.sty
Package: kvsetkeys 2022-10-05 v1.19 Key value parser (HO)
)) (/usr/share/texmf-dist/tex/latex/etoolbox/etoolbox.sty
Package: etoolbox 2020/10/05 v2.5k e-TeX tools for LaTeX (JAW)
\etb@tempcnta=\count270
)) (/usr/share/texmf-dist/tex/latex/hyperref/hyperref.sty
Package: hyperref 2024-01-20 v7.01h Hypertext links for LaTeX
 (/usr/share/texmf-dist/tex/generic/iftex/iftex.sty
Package: iftex 2022/02/03 v1.0f TeX engine tests
) (/usr/share/texmf-dist/tex/generic/kvdefinekeys/kvdefinekeys.sty
Package: kvdefinekeys 2019-12-19 v1.6 Define keys (HO)
) (/usr/share/texmf-dist/tex/generic/pdfescape/pdfescape.sty
Package: pdfescape 2019/12/09 v1.15 Implements pdfTeX's escape features (HO)
 (/usr/share/texmf-dist/tex/generic/pdftexcmds/pdftexcmds.sty
Package: pdftexcmds 2020-06-27 v0.33 Utility functions of pdfTeX for LuaTeX (HO)
 (/usr/share/texmf-dist/tex/generic/infwarerr/infwarerr.sty
Package: infwarerr 2019/12/03 v1.5 Providing info/warning/error messages (HO)
)
Package pdftexcmds Info: \pdf@primitive is available.
Package pdftexcmds Info: \pdf@ifprimitive is available.
Package pdftexcmds Info: \pdfdraftmode found.
)) (/usr/share/texmf-dist/tex/latex/hycolor/hycolor.sty
Package: hycolor 2020-01-27 v1.10 Color options for hyperref/bookmark (HO)
) (/usr/share/texmf-dist/tex/latex/auxhook/auxhook.sty
Package: auxhook 2019-12-17 v1.6 Hooks for auxiliary files (HO)
) (/usr/share/texmf-dist/tex/latex/hyperref/nameref.sty
Package: nameref 2023-11-26 v2.56 Cross-referencing by name of section
 (/usr/share/texmf-dist/tex/latex/refcount/refcount.sty
Package: refcount 2019/12/15 v3.6 Data extraction from label references (HO)
) (/usr/share/texmf-dist/tex/generic/gettitlestring/gettitlestring.sty
Package: gettitlestring 2019/12/15 v1.6 Cleanup title references (HO)
)
\c@section@level=\count271
)
\@linkdim=\dimen145
\Hy@linkcounter=\count272
\Hy@pagecounter=\count273
 (/usr/share/texmf-dist/tex/latex/hyperref/pd1enc.def
File: pd1enc.def 2024-01-20 v7.01h Hyperref: PDFDocEncoding definition (HO)
Now handling font encoding PD1 ...
... no UTF-8 mapping file for font encoding PD1
) (/usr/share/texmf-dist/tex/generic/intcalc/intcalc.sty
Package: intcalc 2019/12/15 v1.3 Expandable calculations with integers (HO)
)
\Hy@SavedSpaceFactor=\count274
 (/usr/share/texmf-dist/tex/latex/hyperref/puenc.def
File: puenc.def 2024-01-20 v7.01h Hyperref: PDF Unicode definition (HO)
Now handling font encoding PU ...
... no UTF-8 mapping file for font encoding PU
)
Package hyperref Info: Option `pdfusetitle' set `true' on input line 4062.
Package hyperref Info: Hyper figures OFF on input line 4179.
Package hyperref Info: Link nesting OFF on input line 4184.
Package hyperref Info: Hyper index ON on input line 4187.
Package hyperref Info: Plain pages OFF on input line 4194.
Package hyperref Info: Backreferencing OFF on input line 4199.
Package hyperref Info: Implicit mode ON; LaTeX internals redefined.
Package hyperref Info: Bookmarks ON on input line 4446.
\c@Hy@tempcnt=\count275
 (/usr/share/texmf-dist/tex/latex/url/url.sty
\Urlmuskip=\muskip16
Package: url 2013/09/16  ver 3.4  Verb mode for urls, etc.
)
LaTeX Info: Redefining \url on input line 4784.
\XeTeXLinkMargin=\dimen146
 (/usr/share/texmf-dist/tex/generic/bitset/bitset.sty
Package: bitset 2019/12/09 v1.3 Handle bit-vector datatype (HO)
 (/usr/share/texmf-dist/tex/generic/bigintcalc/bigintcalc.sty
Package: bigintcalc 2019/12/15 v1.5 Expandable calculations on big integers (HO)
))
\Fld@menulength=\count276
\Field@Width=\dimen147
\Fld@charsize=\dimen148
Package hyperref Info: Hyper figures OFF on input line 6063.
Package hyperref Info: Link nesting OFF on input line 6068.
Package hyperref Info: Hyper index ON on input line 6071.
Package hyperref Info: backreferencing OFF on input line 6078.
Package hyperref Info: Link coloring OFF on input line 6083.
Package hyperref Info: Link coloring with OCG OFF on input line 6088.
Package hyperref Info: PDF/A mode OFF on input line 6093.
 (/usr/share/texmf-dist/tex/latex/base/atbegshi-ltx.sty
Package: atbegshi-ltx 2021/01/10 v1.0c Emulation of the original atbegshi
package with kernel methods
)
\Hy@abspage=\count277
\c@Item=\count278
\c@Hfootnote=\count279
)
Package hyperref Info: Driver (autodetected): hpdftex.
 (/usr/share/texmf-dist/tex/latex/hyperref/hpdftex.def
File: hpdftex.def 2024-01-20 v7.01h Hyperref driver for pdfTeX
 (/usr/share/texmf-dist/tex/latex/base/atveryend-ltx.sty
Package: atveryend-ltx 2020/08/19 v1.0a Emulation of the original atveryend package
with kernel methods
)
\Fld@listcount=\count280
\c@bookmark@seq@number=\count281

(/usr/share/texmf-dist/tex/latex/rerunfilecheck/rerunfilecheck.sty
Package: rerunfilecheck 2022-07-10 v1.10 Rerun checks for auxiliary files (HO)
 (/usr/share/texmf-dist/tex/generic/uniquecounter/uniquecounter.sty
Package: uniquecounter 2019/12/15 v1.4 Provide unlimited unique counter (HO)
)
Package uniquecounter Info: New unique counter `rerunfilecheck' on input line 285.
)
\Hy@SectionHShift=\skip50
) (/usr/share/texmf-dist/tex/latex/titling/titling.sty
Package: titling 2009/09/04 v2.1d maketitle typesetting
\thanksmarkwidth=\skip51
\thanksmargin=\skip52
\droptitle=\skip53
) (/usr/share/texmf-dist/tex/latex/fancyhdr/fancyhdr.sty
Package: fancyhdr 2022/11/09 v4.1 Extensive control of page headers and footers
\f@nch@headwidth=\skip54
\f@nch@O@elh=\skip55
\f@nch@O@erh=\skip56
\f@nch@O@olh=\skip57
\f@nch@O@orh=\skip58
\f@nch@O@elf=\skip59
\f@nch@O@erf=\skip60
\f@nch@O@olf=\skip61
\f@nch@O@orf=\skip62
) (/usr/share/texmf-dist/tex/latex/titlefoot/titlefoot.sty
Package: titlefoot 1999/03/02
) (/usr/share/texmf-dist/tex/latex/booktabs/booktabs.sty
Package: booktabs 2020/01/12 v1.61803398 Publication quality tables
\heavyrulewidth=\dimen149
\lightrulewidth=\dimen150
\cmidrulewidth=\dimen151
\belowrulesep=\dimen152
\belowbottomsep=\dimen153
\aboverulesep=\dimen154
\abovetopsep=\dimen155
\cmidrulesep=\dimen156
\cmidrulekern=\dimen157
\defaultaddspace=\dimen158
\@cmidla=\count282
\@cmidlb=\count283
\@aboverulesep=\dimen159
\@belowrulesep=\dimen160
\@thisruleclass=\count284
\@lastruleclass=\count285
\@thisrulewidth=\dimen161
) (/usr/share/texmf-dist/tex/latex/pgf/frontendlayer/tikz.sty (/usr/share/texmf-dist/tex/latex/pgf/basiclayer/pgf.sty (/usr/share/texmf-dist/tex/latex/pgf/utilities/pgfrcs.sty (/usr/share/texmf-dist/tex/generic/pgf/utilities/pgfutil-common.tex
\pgfutil@everybye=\toks19
\pgfutil@tempdima=\dimen162
\pgfutil@tempdimb=\dimen163
) (/usr/share/texmf-dist/tex/generic/pgf/utilities/pgfutil-latex.def
\pgfutil@abb=\box53
) (/usr/share/texmf-dist/tex/generic/pgf/utilities/pgfrcs.code.tex (/usr/share/texmf-dist/tex/generic/pgf/pgf.revision.tex)
Package: pgfrcs 2023-01-15 v3.1.10 (3.1.10)
))
Package: pgf 2023-01-15 v3.1.10 (3.1.10)
 (/usr/share/texmf-dist/tex/latex/pgf/basiclayer/pgfcore.sty (/usr/share/texmf-dist/tex/latex/graphics/graphicx.sty
Package: graphicx 2021/09/16 v1.2d Enhanced LaTeX Graphics (DPC,SPQR)
 (/usr/share/texmf-dist/tex/latex/graphics/graphics.sty
Package: graphics 2022/03/10 v1.4e Standard LaTeX Graphics (DPC,SPQR)
 (/usr/share/texmf-dist/tex/latex/graphics/trig.sty
Package: trig 2021/08/11 v1.11 sin cos tan (DPC)
) (/usr/share/texmf-dist/tex/latex/graphics-cfg/graphics.cfg
File: graphics.cfg 2016/06/04 v1.11 sample graphics configuration
)
Package graphics Info: Driver file: pdftex.def on input line 107.
 (/usr/share/texmf-dist/tex/latex/graphics-def/pdftex.def
File: pdftex.def 2022/09/22 v1.2b Graphics/color driver for pdftex
))
\Gin@req@height=\dimen164
\Gin@req@width=\dimen165
) (/usr/share/texmf-dist/tex/latex/pgf/systemlayer/pgfsys.sty (/usr/share/texmf-dist/tex/generic/pgf/systemlayer/pgfsys.code.tex
Package: pgfsys 2023-01-15 v3.1.10 (3.1.10)
 (/usr/share/texmf-dist/tex/generic/pgf/utilities/pgfkeys.code.tex
\pgfkeys@pathtoks=\toks20
\pgfkeys@temptoks=\toks21
 (/usr/share/texmf-dist/tex/generic/pgf/utilities/pgfkeyslibraryfiltered.code.tex
\pgfkeys@tmptoks=\toks22
))
\pgf@x=\dimen166
\pgf@y=\dimen167
\pgf@xa=\dimen168
\pgf@ya=\dimen169
\pgf@xb=\dimen170
\pgf@yb=\dimen171
\pgf@xc=\dimen172
\pgf@yc=\dimen173
\pgf@xd=\dimen174
\pgf@yd=\dimen175
\w@pgf@writea=\write3
\r@pgf@reada=\read2
\c@pgf@counta=\count286
\c@pgf@countb=\count287
\c@pgf@countc=\count288
\c@pgf@countd=\count289
\t@pgf@toka=\toks23
\t@pgf@tokb=\toks24
\t@pgf@tokc=\toks25
\pgf@sys@id@count=\count290
 (/usr/share/texmf-dist/tex/generic/pgf/systemlayer/pgf.cfg
File: pgf.cfg 2023-01-15 v3.1.10 (3.1.10)
)
Driver file for pgf: pgfsys-pdftex.def
 (/usr/share/texmf-dist/tex/generic/pgf/systemlayer/pgfsys-pdftex.def
File: pgfsys-pdftex.def 2023-01-15 v3.1.10 (3.1.10)
 (/usr/share/texmf-dist/tex/generic/pgf/systemlayer/pgfsys-common-pdf.def
File: pgfsys-common-pdf.def 2023-01-15 v3.1.10 (3.1.10)
))) (/usr/share/texmf-dist/tex/generic/pgf/systemlayer/pgfsyssoftpath.code.tex
File: pgfsyssoftpath.code.tex 2023-01-15 v3.1.10 (3.1.10)
\pgfsyssoftpath@smallbuffer@items=\count291
\pgfsyssoftpath@bigbuffer@items=\count292
) (/usr/share/texmf-dist/tex/generic/pgf/systemlayer/pgfsysprotocol.code.tex
File: pgfsysprotocol.code.tex 2023-01-15 v3.1.10 (3.1.10)
)) (/usr/share/texmf-dist/tex/latex/xcolor/xcolor.sty
Package: xcolor 2023/11/15 v3.01 LaTeX color extensions (UK)
 (/usr/share/texmf-dist/tex/latex/graphics-cfg/color.cfg
File: color.cfg 2016/01/02 v1.6 sample color configuration
)
Package xcolor Info: Driver file: pdftex.def on input line 274.
 (/usr/share/texmf-dist/tex/latex/graphics/mathcolor.ltx)
Package xcolor Info: Model `cmy' substituted by `cmy0' on input line 1350.
Package xcolor Info: Model `hsb' substituted by `rgb' on input line 1354.
Package xcolor Info: Model `RGB' extended on input line 1366.
Package xcolor Info: Model `HTML' substituted by `rgb' on input line 1368.
Package xcolor Info: Model `Hsb' substituted by `hsb' on input line 1369.
Package xcolor Info: Model `tHsb' substituted by `hsb' on input line 1370.
Package xcolor Info: Model `HSB' substituted by `hsb' on input line 1371.
Package xcolor Info: Model `Gray' substituted by `gray' on input line 1372.
Package xcolor Info: Model `wave' substituted by `hsb' on input line 1373.
)
(/usr/share/texmf-dist/tex/generic/pgf/basiclayer/pgfcore.code.tex
Package: pgfcore 2023-01-15 v3.1.10 (3.1.10)
 (/usr/share/texmf-dist/tex/generic/pgf/math/pgfmath.code.tex (/usr/share/texmf-dist/tex/generic/pgf/math/pgfmathutil.code.tex) (/usr/share/texmf-dist/tex/generic/pgf/math/pgfmathparser.code.tex
\pgfmath@dimen=\dimen176
\pgfmath@count=\count293
\pgfmath@box=\box54
\pgfmath@toks=\toks26
\pgfmath@stack@operand=\toks27
\pgfmath@stack@operation=\toks28
) (/usr/share/texmf-dist/tex/generic/pgf/math/pgfmathfunctions.code.tex) (/usr/share/texmf-dist/tex/generic/pgf/math/pgfmathfunctions.basic.code.tex) (/usr/share/texmf-dist/tex/generic/pgf/math/pgfmathfunctions.trigonometric.code.tex) (/usr/share/texmf-dist/tex/generic/pgf/math/pgfmathfunctions.random.code.tex) (/usr/share/texmf-dist/tex/generic/pgf/math/pgfmathfunctions.comparison.code.tex) (/usr/share/texmf-dist/tex/generic/pgf/math/pgfmathfunctions.base.code.tex) (/usr/share/texmf-dist/tex/generic/pgf/math/pgfmathfunctions.round.code.tex) (/usr/share/texmf-dist/tex/generic/pgf/math/pgfmathfunctions.misc.code.tex) (/usr/share/texmf-dist/tex/generic/pgf/math/pgfmathfunctions.integerarithmetics.code.tex) (/usr/share/texmf-dist/tex/generic/pgf/math/pgfmathcalc.code.tex) (/usr/share/texmf-dist/tex/generic/pgf/math/pgfmathfloat.code.tex
\c@pgfmathroundto@lastzeros=\count294
)) (/usr/share/texmf-dist/tex/generic/pgf/math/pgfint.code.tex) (/usr/share/texmf-dist/tex/generic/pgf/basiclayer/pgfcorepoints.code.tex
File: pgfcorepoints.code.tex 2023-01-15 v3.1.10 (3.1.10)
\pgf@picminx=\dimen177
\pgf@picmaxx=\dimen178
\pgf@picminy=\dimen179
\pgf@picmaxy=\dimen180
\pgf@pathminx=\dimen181
\pgf@pathmaxx=\dimen182
\pgf@pathminy=\dimen183
\pgf@pathmaxy=\dimen184
\pgf@xx=\dimen185
\pgf@xy=\dimen186
\pgf@yx=\dimen187
\pgf@yy=\dimen188
\pgf@zx=\dimen189
\pgf@zy=\dimen190
) (/usr/share/texmf-dist/tex/generic/pgf/basiclayer/pgfcorepathconstruct.code.tex
File: pgfcorepathconstruct.code.tex 2023-01-15 v3.1.10 (3.1.10)
\pgf@path@lastx=\dimen191
\pgf@path@lasty=\dimen192
) (/usr/share/texmf-dist/tex/generic/pgf/basiclayer/pgfcorepathusage.code.tex
File: pgfcorepathusage.code.tex 2023-01-15 v3.1.10 (3.1.10)
\pgf@shorten@end@additional=\dimen193
\pgf@shorten@start@additional=\dimen194
) (/usr/share/texmf-dist/tex/generic/pgf/basiclayer/pgfcorescopes.code.tex
File: pgfcorescopes.code.tex 2023-01-15 v3.1.10 (3.1.10)
\pgfpic=\box55
\pgf@hbox=\box56
\pgf@layerbox@main=\box57
\pgf@picture@serial@count=\count295
) (/usr/share/texmf-dist/tex/generic/pgf/basiclayer/pgfcoregraphicstate.code.tex
File: pgfcoregraphicstate.code.tex 2023-01-15 v3.1.10 (3.1.10)
\pgflinewidth=\dimen195
) (/usr/share/texmf-dist/tex/generic/pgf/basiclayer/pgfcoretransformations.code.tex
File: pgfcoretransformations.code.tex 2023-01-15 v3.1.10 (3.1.10)
\pgf@pt@x=\dimen196
\pgf@pt@y=\dimen197
\pgf@pt@temp=\dimen198
) (/usr/share/texmf-dist/tex/generic/pgf/basiclayer/pgfcorequick.code.tex
File: pgfcorequick.code.tex 2023-01-15 v3.1.10 (3.1.10)
) (/usr/share/texmf-dist/tex/generic/pgf/basiclayer/pgfcoreobjects.code.tex
File: pgfcoreobjects.code.tex 2023-01-15 v3.1.10 (3.1.10)
) (/usr/share/texmf-dist/tex/generic/pgf/basiclayer/pgfcorepathprocessing.code.tex
File: pgfcorepathprocessing.code.tex 2023-01-15 v3.1.10 (3.1.10)
) (/usr/share/texmf-dist/tex/generic/pgf/basiclayer/pgfcorearrows.code.tex
File: pgfcorearrows.code.tex 2023-01-15 v3.1.10 (3.1.10)
\pgfarrowsep=\dimen199
)
(/usr/share/texmf-dist/tex/generic/pgf/basiclayer/pgfcoreshade.code.tex
File: pgfcoreshade.code.tex 2023-01-15 v3.1.10 (3.1.10)
\pgf@max=\dimen256
\pgf@sys@shading@range@num=\count296
\pgf@shadingcount=\count297
) (/usr/share/texmf-dist/tex/generic/pgf/basiclayer/pgfcoreimage.code.tex
File: pgfcoreimage.code.tex 2023-01-15 v3.1.10 (3.1.10)
) (/usr/share/texmf-dist/tex/generic/pgf/basiclayer/pgfcoreexternal.code.tex
File: pgfcoreexternal.code.tex 2023-01-15 v3.1.10 (3.1.10)
\pgfexternal@startupbox=\box58
) (/usr/share/texmf-dist/tex/generic/pgf/basiclayer/pgfcorelayers.code.tex
File: pgfcorelayers.code.tex 2023-01-15 v3.1.10 (3.1.10)
) (/usr/share/texmf-dist/tex/generic/pgf/basiclayer/pgfcoretransparency.code.tex
File: pgfcoretransparency.code.tex 2023-01-15 v3.1.10 (3.1.10)
) (/usr/share/texmf-dist/tex/generic/pgf/basiclayer/pgfcorepatterns.code.tex
File: pgfcorepatterns.code.tex 2023-01-15 v3.1.10 (3.1.10)
) (/usr/share/texmf-dist/tex/generic/pgf/basiclayer/pgfcorerdf.code.tex
File: pgfcorerdf.code.tex 2023-01-15 v3.1.10 (3.1.10)
))) (/usr/share/texmf-dist/tex/generic/pgf/modules/pgfmoduleshapes.code.tex
File: pgfmoduleshapes.code.tex 2023-01-15 v3.1.10 (3.1.10)
\pgfnodeparttextbox=\box59
) (/usr/share/texmf-dist/tex/generic/pgf/modules/pgfmoduleplot.code.tex
File: pgfmoduleplot.code.tex 2023-01-15 v3.1.10 (3.1.10)
) (/usr/share/texmf-dist/tex/latex/pgf/compatibility/pgfcomp-version-0-65.sty
Package: pgfcomp-version-0-65 2023-01-15 v3.1.10 (3.1.10)
\pgf@nodesepstart=\dimen257
\pgf@nodesepend=\dimen258
) (/usr/share/texmf-dist/tex/latex/pgf/compatibility/pgfcomp-version-1-18.sty
Package: pgfcomp-version-1-18 2023-01-15 v3.1.10 (3.1.10)
)) (/usr/share/texmf-dist/tex/latex/pgf/utilities/pgffor.sty (/usr/share/texmf-dist/tex/latex/pgf/utilities/pgfkeys.sty (/usr/share/texmf-dist/tex/generic/pgf/utilities/pgfkeys.code.tex)) (/usr/share/texmf-dist/tex/latex/pgf/math/pgfmath.sty (/usr/share/texmf-dist/tex/generic/pgf/math/pgfmath.code.tex)) (/usr/share/texmf-dist/tex/generic/pgf/utilities/pgffor.code.tex
Package: pgffor 2023-01-15 v3.1.10 (3.1.10)
\pgffor@iter=\dimen259
\pgffor@skip=\dimen260
\pgffor@stack=\toks29
\pgffor@toks=\toks30
)) (/usr/share/texmf-dist/tex/generic/pgf/frontendlayer/tikz/tikz.code.tex
Package: tikz 2023-01-15 v3.1.10 (3.1.10)
 (/usr/share/texmf-dist/tex/generic/pgf/libraries/pgflibraryplothandlers.code.tex
File: pgflibraryplothandlers.code.tex 2023-01-15 v3.1.10 (3.1.10)
\pgf@plot@mark@count=\count298
\pgfplotmarksize=\dimen261
)
\tikz@lastx=\dimen262
\tikz@lasty=\dimen263
\tikz@lastxsaved=\dimen264
\tikz@lastysaved=\dimen265
\tikz@lastmovetox=\dimen266
\tikz@lastmovetoy=\dimen267
\tikzleveldistance=\dimen268
\tikzsiblingdistance=\dimen269
\tikz@figbox=\box60
\tikz@figbox@bg=\box61
\tikz@tempbox=\box62
\tikz@tempbox@bg=\box63
\tikztreelevel=\count299
\tikznumberofchildren=\count300
\tikznumberofcurrentchild=\count301
\tikz@fig@count=\count302
 (/usr/share/texmf-dist/tex/generic/pgf/modules/pgfmodulematrix.code.tex
File: pgfmodulematrix.code.tex 2023-01-15 v3.1.10 (3.1.10)
\pgfmatrixcurrentrow=\count303
\pgfmatrixcurrentcolumn=\count304
\pgf@matrix@numberofcolumns=\count305
)
\tikz@expandcount=\count306
 (/usr/share/texmf-dist/tex/generic/pgf/frontendlayer/tikz/libraries/tikzlibrarytopaths.code.tex
File: tikzlibrarytopaths.code.tex 2023-01-15 v3.1.10 (3.1.10)
))) (/usr/share/texmf-dist/tex/latex/tools/multicol.sty
Package: multicol 2023/03/30 v1.9f multicolumn formatting (FMi)
\c@tracingmulticols=\count307
\mult@box=\box64
\multicol@leftmargin=\dimen270
\c@unbalance=\count308
\c@collectmore=\count309
\doublecol@number=\count310
\multicoltolerance=\count311
\multicolpretolerance=\count312
\full@width=\dimen271
\page@free=\dimen272
\premulticols=\dimen273
\postmulticols=\dimen274
\multicolsep=\skip63
\multicolbaselineskip=\skip64
\partial@page=\box65
\last@line=\box66
\mc@boxedresult=\box67
\maxbalancingoverflow=\dimen275
\mult@rightbox=\box68
\mult@grightbox=\box69
\mult@firstbox=\box70
\mult@gfirstbox=\box71
\@tempa=\box72
\@tempa=\box73
\@tempa=\box74
\@tempa=\box75
\@tempa=\box76
\@tempa=\box77
\@tempa=\box78
\@tempa=\box79
\@tempa=\box80
\@tempa=\box81
\@tempa=\box82
\@tempa=\box83
\@tempa=\box84
\@tempa=\box85
\@tempa=\box86
\@tempa=\box87
\@tempa=\box88
\@tempa=\box89
\@tempa=\box90
\@tempa=\box91
\@tempa=\box92
\@tempa=\box93
\@tempa=\box94
\@tempa=\box95
\@tempa=\box96
\@tempa=\box97
\@tempa=\box98
\@tempa=\box99
\@tempa=\box100
\@tempa=\box101
\@tempa=\box102
\@tempa=\box103
\@tempa=\box104
\@tempa=\box105
\@tempa=\box106
\@tempa=\box107
\c@minrows=\count313
\c@columnbadness=\count314
\c@finalcolumnbadness=\count315
\last@try=\dimen276
\multicolovershoot=\dimen277
\multicolundershoot=\dimen278
\mult@nat@firstbox=\box108
\colbreak@box=\box109
\mc@col@check@num=\count316
) (/usr/share/texmf-dist/tex/latex/amsmath/amsmath.sty
Package: amsmath 2023/05/13 v2.17o AMS math features
\@mathmargin=\skip65

For additional information on amsmath, use the `?' option.
(/usr/share/texmf-dist/tex/latex/amsmath/amstext.sty
Package: amstext 2021/08/26 v2.01 AMS text
 (/usr/share/texmf-dist/tex/latex/amsmath/amsgen.sty
File: amsgen.sty 1999/11/30 v2.0 generic functions
\@emptytoks=\toks31
\ex@=\dimen279
)) (/usr/share/texmf-dist/tex/latex/amsmath/amsbsy.sty
Package: amsbsy 1999/11/29 v1.2d Bold Symbols
\pmbraise@=\dimen280
) (/usr/share/texmf-dist/tex/latex/amsmath/amsopn.sty
Package: amsopn 2022/04/08 v2.04 operator names
)
\inf@bad=\count317
LaTeX Info: Redefining \frac on input line 234.
\uproot@=\count318
\leftroot@=\count319
LaTeX Info: Redefining \overline on input line 399.
LaTeX Info: Redefining \colon on input line 410.
\classnum@=\count320
\DOTSCASE@=\count321
LaTeX Info: Redefining \ldots on input line 496.
LaTeX Info: Redefining \dots on input line 499.
LaTeX Info: Redefining \cdots on input line 620.
\Mathstrutbox@=\box110
\strutbox@=\box111
LaTeX Info: Redefining \big on input line 722.
LaTeX Info: Redefining \Big on input line 723.
LaTeX Info: Redefining \bigg on input line 724.
LaTeX Info: Redefining \Bigg on input line 725.
\big@size=\dimen281
LaTeX Font Info:    Redeclaring font encoding OML on input line 743.
LaTeX Font Info:    Redeclaring font encoding OMS on input line 744.
\macc@depth=\count322
LaTeX Info: Redefining \bmod on input line 905.
LaTeX Info: Redefining \pmod on input line 910.
LaTeX Info: Redefining \smash on input line 940.
LaTeX Info: Redefining \relbar on input line 970.
LaTeX Info: Redefining \Relbar on input line 971.
\c@MaxMatrixCols=\count323
\dotsspace@=\muskip17
\c@parentequation=\count324
\dspbrk@lvl=\count325
\tag@help=\toks32
\row@=\count326
\column@=\count327
\maxfields@=\count328
\andhelp@=\toks33
\eqnshift@=\dimen282
\alignsep@=\dimen283
\tagshift@=\dimen284
\tagwidth@=\dimen285
\totwidth@=\dimen286
\lineht@=\dimen287
\@envbody=\toks34
\multlinegap=\skip66
\multlinetaggap=\skip67
\mathdisplay@stack=\toks35
LaTeX Info: Redefining \[ on input line 2953.
LaTeX Info: Redefining \] on input line 2954.
) (/usr/share/texmf-dist/tex/latex/tools/bm.sty
Package: bm 2023/07/08 v1.2f Bold Symbol Support (DPC/FMi)
\symboldoperators=\mathgroup4
\symboldletters=\mathgroup5
\symboldsymbols=\mathgroup6
Package bm Info: No bold for \OMX/lmex/m/n, using \pmb.
LaTeX Font Info:    Redeclaring math alphabet \mathbf on input line 149.
) (/usr/share/texmf-dist/tex/latex/amscls/amsthm.sty
Package: amsthm 2020/05/29 v2.20.6
\thm@style=\toks36
\thm@bodyfont=\toks37
\thm@headfont=\toks38
\thm@notefont=\toks39
\thm@headpunct=\toks40
\thm@preskip=\skip68
\thm@postskip=\skip69
\thm@headsep=\skip70
\dth@everypar=\toks41
) (/usr/share/texmf-dist/tex/latex/amsfonts/amssymb.sty
Package: amssymb 2013/01/14 v3.01 AMS font symbols
 (/usr/share/texmf-dist/tex/latex/amsfonts/amsfonts.sty
Package: amsfonts 2013/01/14 v3.01 Basic AMSFonts support
\symAMSa=\mathgroup7
\symAMSb=\mathgroup8
LaTeX Font Info:    Redeclaring math symbol \hbar on input line 98.
LaTeX Font Info:    Overwriting math alphabet `\mathfrak' in version `bold'
(Font)                  U/euf/m/n --> U/euf/b/n on input line 106.
)) (/usr/share/texmf-dist/tex/latex/geometry/geometry.sty
Package: geometry 2020/01/02 v5.9 Page Geometry
 (/usr/share/texmf-dist/tex/generic/iftex/ifvtex.sty
Package: ifvtex 2019/10/25 v1.7 ifvtex legacy package. Use iftex instead.
)
\Gm@cnth=\count329
\Gm@cntv=\count330
\c@Gm@tempcnt=\count331
\Gm@bindingoffset=\dimen288
\Gm@wd@mp=\dimen289
\Gm@odd@mp=\dimen290
\Gm@even@mp=\dimen291
\Gm@layoutwidth=\dimen292
\Gm@layoutheight=\dimen293
\Gm@layouthoffset=\dimen294
\Gm@layoutvoffset=\dimen295
\Gm@dimlist=\toks42
)
\c@theorem=\count332
)
LaTeX Font Info:    Trying to load font information for T1+lmr on input line 7.
 (/usr/share/texmf-dist/tex/latex/lm/t1lmr.fd
File: t1lmr.fd 2015/05/01 v1.6.1 Font defs for Latin Modern
) (/usr/share/texmf-dist/tex/latex/l3backend/l3backend-pdftex.def
File: l3backend-pdftex.def 2024-02-20 L3 backend support: PDF output (pdfTeX)
\l__color_backend_stack_int=\count333
\l__pdf_internal_box=\box112
) (./main.aux)
\openout1 = `main.aux'.

LaTeX Font Info:    Checking defaults for OML/cmm/m/it on input line 7.
LaTeX Font Info:    ... okay on input line 7.
LaTeX Font Info:    Checking defaults for OMS/cmsy/m/n on input line 7.
LaTeX Font Info:    ... okay on input line 7.
LaTeX Font Info:    Checking defaults for OT1/cmr/m/n on input line 7.
LaTeX Font Info:    ... okay on input line 7.
LaTeX Font Info:    Checking defaults for T1/cmr/m/n on input line 7.
LaTeX Font Info:    ... okay on input line 7.
LaTeX Font Info:    Checking defaults for TS1/cmr/m/n on input line 7.
LaTeX Font Info:    ... okay on input line 7.
LaTeX Font Info:    Checking defaults for OMX/cmex/m/n on input line 7.
LaTeX Font Info:    ... okay on input line 7.
LaTeX Font Info:    Checking defaults for U/cmr/m/n on input line 7.
LaTeX Font Info:    ... okay on input line 7.
LaTeX Font Info:    Checking defaults for PD1/pdf/m/n on input line 7.
LaTeX Font Info:    ... okay on input line 7.
LaTeX Font Info:    Checking defaults for PU/pdf/m/n on input line 7.
LaTeX Font Info:    ... okay on input line 7.
\c@lstlisting=\count334
Package hyperref Info: Link coloring OFF on input line 7.
 (./main.out) (./main.out)
\@outlinefile=\write4
\openout4 = `main.out'.

 (/usr/share/texmf-dist/tex/context/base/mkii/supp-pdf.mkii
[Loading MPS to PDF converter (version 2006.09.02).]
\scratchcounter=\count335
\scratchdimen=\dimen296
\scratchbox=\box113
\nofMPsegments=\count336
\nofMParguments=\count337
\everyMPshowfont=\toks43
\MPscratchCnt=\count338
\MPscratchDim=\dimen297
\MPnumerator=\count339
\makeMPintoPDFobject=\count340
\everyMPtoPDFconversion=\toks44
) (/usr/share/texmf-dist/tex/latex/epstopdf-pkg/epstopdf-base.sty
Package: epstopdf-base 2020-01-24 v2.11 Base part for package epstopdf
Package epstopdf-base Info: Redefining graphics rule for `.eps' on input line 485.
 (/usr/share/texmf-dist/tex/latex/latexconfig/epstopdf-sys.cfg
File: epstopdf-sys.cfg 2010/07/13 v1.3 Configuration of (r)epstopdf for TeX Live
))
*geometry* driver: auto-detecting
*geometry* detected driver: pdftex
*geometry* verbose mode - [ preamble ] result:
* driver: pdftex
* paper: a4paper
* layout: <same size as paper>
* layoutoffset:(h,v)=(0.0pt,0.0pt)
* modes: 
* h-part:(L,W,R)=(56.9055pt, 483.69684pt, 56.90553pt)
* v-part:(T,H,B)=(56.9055pt, 731.23582pt, 56.90552pt)
* \paperwidth=597.50787pt
* \paperheight=845.04684pt
* \textwidth=483.69684pt
* \textheight=731.23582pt
* \oddsidemargin=-15.36449pt
* \evensidemargin=-15.36449pt
* \topmargin=-52.36449pt
* \headheight=15.0pt
* \headsep=25.0pt
* \topskip=10.0pt
* \footskip=30.0pt
* \marginparwidth=65.0pt
* \marginparsep=11.0pt
* \columnsep=10.0pt
* \skip\footins=9.0pt plus 4.0pt minus 2.0pt
* \hoffset=0.0pt
* \voffset=0.0pt
* \mag=1000
* \@twocolumnfalse
* \@twosidefalse
* \@mparswitchfalse
* \@reversemarginfalse
* (1in=72.27pt=25.4mm, 1cm=28.453pt)

LaTeX Font Info:    Trying to load font information for OT1+lmr on input line 8.
(/usr/share/texmf-dist/tex/latex/lm/ot1lmr.fd
File: ot1lmr.fd 2015/05/01 v1.6.1 Font defs for Latin Modern
)
LaTeX Font Info:    Trying to load font information for OML+lmm on input line 8.
 (/usr/share/texmf-dist/tex/latex/lm/omllmm.fd
File: omllmm.fd 2015/05/01 v1.6.1 Font defs for Latin Modern
)
LaTeX Font Info:    Trying to load font information for OMS+lmsy on input line 8.
 (/usr/share/texmf-dist/tex/latex/lm/omslmsy.fd
File: omslmsy.fd 2015/05/01 v1.6.1 Font defs for Latin Modern
)
LaTeX Font Info:    Trying to load font information for OMX+lmex on input line 8.
 (/usr/share/texmf-dist/tex/latex/lm/omxlmex.fd
File: omxlmex.fd 2015/05/01 v1.6.1 Font defs for Latin Modern
)
LaTeX Font Info:    External font `lmex10' loaded for size
(Font)              <12> on input line 8.
LaTeX Font Info:    External font `lmex10' loaded for size
(Font)              <8> on input line 8.
LaTeX Font Info:    External font `lmex10' loaded for size
(Font)              <6> on input line 8.
LaTeX Font Info:    Trying to load font information for U+msa on input line 8.
 (/usr/share/texmf-dist/tex/latex/amsfonts/umsa.fd
File: umsa.fd 2013/01/14 v3.01 AMS symbols A
)
LaTeX Font Info:    Trying to load font information for U+msb on input line 8.
 (/usr/share/texmf-dist/tex/latex/amsfonts/umsb.fd
File: umsb.fd 2013/01/14 v3.01 AMS symbols B
) [1

{/var/lib/texmf/fonts/map/pdftex/updmap/pdftex.map}{/usr/share/texmf-dist/fonts/enc/dvips/lm/lm-ec.enc}] (./main.toc
LaTeX Font Info:    External font `lmex10' loaded for size
(Font)              <10> on input line 2.
LaTeX Font Info:    External font `lmex10' loaded for size
(Font)              <7> on input line 2.
LaTeX Font Info:    External font `lmex10' loaded for size
(Font)              <5> on input line 2.
 [2])
\tf@toc=\write5
\openout5 = `main.toc'.

 [3] [4]
LaTeX Font Info:    Trying to load font information for TS1+lmr on input line 17.
 (/usr/share/texmf-dist/tex/latex/lm/ts1lmr.fd
File: ts1lmr.fd 2015/05/01 v1.6.1 Font defs for Latin Modern
)
<./public/batchmono.png, id=574, 1084.05pt x 505.89pt>
File: ./public/batchmono.png Graphic file (type png)
<use ./public/batchmono.png>
Package pdftex.def Info: ./public/batchmono.png  used on input line 37.
(pdftex.def)             Requested size: 216.80615pt x 101.1762pt.
 [5{/usr/share/texmf-dist/fonts/enc/dvips/lm/lm-ts1.enc}{/usr/share/texmf-dist/fonts/enc/dvips/lm/lm-rm.enc} <./public/batchmono.png>]
<./public/contextswitch.png, id=583, 690.58pt x 350.30875pt>
File: ./public/contextswitch.png Graphic file (type png)
<use ./public/contextswitch.png>
Package pdftex.def Info: ./public/contextswitch.png  used on input line 54.
(pdftex.def)             Requested size: 172.64458pt x 87.57697pt.
<./public/batch-time.png, id=584, 1051.93pt x 522.95375pt>
File: ./public/batch-time.png Graphic file (type png)
<use ./public/batch-time.png>
Package pdftex.def Info: ./public/batch-time.png  used on input line 58.
(pdftex.def)             Requested size: 210.38226pt x 104.5889pt.
<./public/distributed.png, id=585, 893.3375pt x 384.43625pt>
File: ./public/distributed.png Graphic file (type png)
<use ./public/distributed.png>
Package pdftex.def Info: ./public/distributed.png  used on input line 69.
(pdftex.def)             Requested size: 268.00331pt x 115.33176pt.
 [6 <./public/contextswitch.png> <./public/batch-time.png> <./public/distributed.png>]
<./public/architettura.png, id=593, 582.67688pt x 268.00125pt>
File: ./public/architettura.png Graphic file (type png)
<use ./public/architettura.png>
Package pdftex.def Info: ./public/architettura.png  used on input line 75.
(pdftex.def)             Requested size: 233.06662pt x 107.1986pt.
<./public/portmapped.png, id=594, 444.15938pt x 384.6872pt>
File: ./public/portmapped.png Graphic file (type png)
<use ./public/portmapped.png>
Package pdftex.def Info: ./public/portmapped.png  used on input line 99.
(pdftex.def)             Requested size: 177.6606pt x 153.87215pt.
 [7 <./public/architettura.png> <./public/portmapped.png>]
<./public/memorymapped.png, id=602, 414.04688pt x 374.90062pt>
File: ./public/memorymapped.png Graphic file (type png)
<use ./public/memorymapped.png>
Package pdftex.def Info: ./public/memorymapped.png  used on input line 103.
(pdftex.def)             Requested size: 165.6158pt x 149.95758pt.
<./public/fdei.png, id=603, 415.5525pt x 347.79938pt>
File: ./public/fdei.png Graphic file (type png)
<use ./public/fdei.png>
Package pdftex.def Info: ./public/fdei.png  used on input line 110.
(pdftex.def)             Requested size: 166.21805pt x 139.11728pt.
<./public/interrupt.png, id=604, 696.35156pt x 423.08063pt>
File: ./public/interrupt.png Graphic file (type png)
<use ./public/interrupt.png>
Package pdftex.def Info: ./public/interrupt.png  used on input line 120.
(pdftex.def)             Requested size: 278.53569pt x 169.22925pt.
 [8 <./public/memorymapped.png> <./public/fdei.png>]
<./public/vecint.png, id=611, 443.40656pt x 124.96687pt>
File: ./public/vecint.png Graphic file (type png)
<use ./public/vecint.png>
Package pdftex.def Info: ./public/vecint.png  used on input line 127.
(pdftex.def)             Requested size: 310.38248pt x 87.47621pt.
 [9 <./public/interrupt.png> <./public/vecint.png>]
<./public/mmu.png, id=627, 220.57407pt x 140.77594pt>
File: ./public/mmu.png Graphic file (type png)
<use ./public/mmu.png>
Package pdftex.def Info: ./public/mmu.png  used on input line 155.
(pdftex.def)             Requested size: 88.22806pt x 56.30936pt.
<./public/memorie.png, id=628, 399.74344pt x 103.13531pt>
File: ./public/memorie.png Graphic file (type png)
<use ./public/memorie.png>
Package pdftex.def Info: ./public/memorie.png  used on input line 164.
(pdftex.def)             Requested size: 239.8479pt x 61.88165pt.
<./public/oslayer.png, id=629, 416.30531pt x 297.36093pt>
File: ./public/oslayer.png Graphic file (type png)
<use ./public/oslayer.png>
Package pdftex.def Info: ./public/oslayer.png  used on input line 174.
(pdftex.def)             Requested size: 249.78511pt x 178.41792pt.
 [10 <./public/mmu.png> <./public/memorie.png> <./public/oslayer.png>]
<./public/osexecute.png, id=637, 542.77782pt x 328.97906pt>
File: ./public/osexecute.png Graphic file (type png)
<use ./public/osexecute.png>
Package pdftex.def Info: ./public/osexecute.png  used on input line 207.
(pdftex.def)             Requested size: 271.38824pt x 164.48912pt.
<./public/syscall.png, id=638, 350.81062pt x 347.04657pt>
File: ./public/syscall.png Graphic file (type png)
<use ./public/syscall.png>
Package pdftex.def Info: ./public/syscall.png  used on input line 212.
(pdftex.def)             Requested size: 175.40488pt x 173.52286pt.
 [11{/usr/share/texmf-dist/fonts/enc/dvips/lm/lm-mathsy.enc} <./public/osexecute.png>]
<./public/svc.png, id=645, 489.32813pt x 229.60782pt>
File: ./public/svc.png Graphic file (type png)
<use ./public/svc.png>
Package pdftex.def Info: ./public/svc.png  used on input line 227.
(pdftex.def)             Requested size: 244.66345pt x 114.80362pt.
<./public/librarysyscall.png, id=646, 634.62094pt x 374.90062pt>
File: ./public/librarysyscall.png Graphic file (type png)
<use ./public/librarysyscall.png>
Package pdftex.def Info: ./public/librarysyscall.png  used on input line 237.
(pdftex.def)             Requested size: 317.3097pt x 187.44984pt.
 [12 <./public/syscall.png> <./public/svc.png>]
<./public/linuxker.png, id=653, 466.74374pt x 298.86656pt>
File: ./public/linuxker.png Graphic file (type png)
<use ./public/linuxker.png>
Package pdftex.def Info: ./public/linuxker.png  used on input line 254.
(pdftex.def)             Requested size: 303.37984pt x 194.26094pt.
 [13 <./public/librarysyscall.png> <./public/linuxker.png>]
<./public/microkernel.png, id=661, 448.67625pt x 197.98969pt>
File: ./public/microkernel.png Graphic file (type png)
<use ./public/microkernel.png>
Package pdftex.def Info: ./public/microkernel.png  used on input line 264.
(pdftex.def)             Requested size: 224.33757pt x 98.9946pt.
<./public/2stati.png, id=662, 346.29375pt x 156.585pt>
File: ./public/2stati.png Graphic file (type png)
<use ./public/2stati.png>
Package pdftex.def Info: ./public/2stati.png  used on input line 286.
(pdftex.def)             Requested size: 173.14644pt x 78.2923pt.
<./public/3stati.png, id=663, 470.50781pt x 304.13625pt>
File: ./public/3stati.png Graphic file (type png)
<use ./public/3stati.png>
Package pdftex.def Info: ./public/3stati.png  used on input line 290.
(pdftex.def)             Requested size: 235.25333pt x 152.06775pt.
 [14 <./public/microkernel.png> <./public/2stati.png>]
<./public/cntxswitch.png, id=671, 478.78876pt x 225.09094pt>
File: ./public/cntxswitch.png Graphic file (type png)
<use ./public/cntxswitch.png>
Package pdftex.def Info: ./public/cntxswitch.png  used on input line 299.
(pdftex.def)             Requested size: 239.39378pt x 112.54518pt.
<./public/schedule.png, id=672, 560.8453pt x 307.90031pt>
File: ./public/schedule.png Graphic file (type png)
<use ./public/schedule.png>
Package pdftex.def Info: ./public/schedule.png  used on input line 317.
(pdftex.def)             Requested size: 280.42197pt x 153.94977pt.
 [15 <./public/3stati.png> <./public/cntxswitch.png>]
<./public/5stati.png, id=679, 530.73282pt x 298.86656pt>
File: ./public/5stati.png Graphic file (type png)
<use ./public/5stati.png>
Package pdftex.def Info: ./public/5stati.png  used on input line 322.
(pdftex.def)             Requested size: 265.36575pt x 149.4329pt.
<./public/sospeso.png, id=680, 519.44063pt x 300.3722pt>
File: ./public/sospeso.png Graphic file (type png)
<use ./public/sospeso.png>
Package pdftex.def Info: ./public/sospeso.png  used on input line 326.
(pdftex.def)             Requested size: 259.71968pt x 150.18571pt.
 [16 <./public/schedule.png> <./public/5stati.png> <./public/sospeso.png>]
<./public/processiunix.png, id=688, 523.20468pt x 307.1475pt>
File: ./public/processiunix.png Graphic file (type png)
<use ./public/processiunix.png>
Package pdftex.def Info: ./public/processiunix.png  used on input line 332.
(pdftex.def)             Requested size: 313.92523pt x 184.28992pt.
<./public/pcb.png, id=689, 430.60875pt x 251.43938pt>
File: ./public/pcb.png Graphic file (type png)
<use ./public/pcb.png>
Package pdftex.def Info: ./public/pcb.png  used on input line 344.
(pdftex.def)             Requested size: 215.30383pt x 125.71938pt.
<./public/proimg.png, id=690, 487.06969pt x 330.48468pt>
File: ./public/proimg.png Graphic file (type png)
<use ./public/proimg.png>
Package pdftex.def Info: ./public/proimg.png  used on input line 348.
(pdftex.def)             Requested size: 243.53424pt x 165.24193pt.
 [17 <./public/processiunix.png> <./public/pcb.png> <./public/proimg.png>]
<./public/codaprocessi.png, id=698, 578.16pt x 421.575pt>
File: ./public/codaprocessi.png Graphic file (type png)
<use ./public/codaprocessi.png>
Package pdftex.def Info: ./public/codaprocessi.png  used on input line 357.
(pdftex.def)             Requested size: 289.07928pt x 210.78697pt.
<./public/scheduler.png, id=699, 330.48468pt x 615.0478pt>
File: ./public/scheduler.png Graphic file (type png)
<use ./public/scheduler.png>
Package pdftex.def Info: ./public/scheduler.png  used on input line 367.
(pdftex.def)             Requested size: 105.75725pt x 196.81932pt.
 [18 <./public/codaprocessi.png> <./public/scheduler.png>]
<./public/starvation.png, id=706, 520.19344pt x 224.33812pt>
File: ./public/starvation.png Graphic file (type png)
<use ./public/starvation.png>
Package pdftex.def Info: ./public/starvation.png  used on input line 403.
(pdftex.def)             Requested size: 312.11845pt x 134.6039pt.
 [19 <./public/starvation.png>]
<./public/nonpreemptive.png, id=713, 590.205pt x 179.92218pt>
File: ./public/nonpreemptive.png Graphic file (type png)
<use ./public/nonpreemptive.png>
Package pdftex.def Info: ./public/nonpreemptive.png  used on input line 411.
(pdftex.def)             Requested size: 295.10178pt x 89.96086pt.
File: ./public/contextswitch.png Graphic file (type png)
<use ./public/contextswitch.png>
Package pdftex.def Info: ./public/contextswitch.png  used on input line 415.
(pdftex.def)             Requested size: 241.70662pt x 122.6099pt.
<./public/FCFS.png, id=714, 516.42938pt x 231.86626pt>
File: ./public/FCFS.png Graphic file (type png)
<use ./public/FCFS.png>
Package pdftex.def Info: ./public/FCFS.png  used on input line 428.
(pdftex.def)             Requested size: 309.86002pt x 139.12082pt.
 [20 <./public/nonpreemptive.png> <./public/FCFS.png>]
<./public/convoglio.png, id=721, 536.75531pt x 167.87718pt>
File: ./public/convoglio.png Graphic file (type png)
<use ./public/convoglio.png>
Package pdftex.def Info: ./public/convoglio.png  used on input line 436.
(pdftex.def)             Requested size: 268.37698pt x 83.93839pt.
<./public/latenza.png, id=722, 249.93375pt x 182.18062pt>
File: ./public/latenza.png Graphic file (type png)
<use ./public/latenza.png>
Package pdftex.def Info: ./public/latenza.png  used on input line 440.
(pdftex.def)             Requested size: 174.95242pt x 127.52554pt.
<./public/roundrobin.png, id=723, 537.50812pt x 270.25969pt>
File: ./public/roundrobin.png Graphic file (type png)
<use ./public/roundrobin.png>
Package pdftex.def Info: ./public/roundrobin.png  used on input line 445.
(pdftex.def)             Requested size: 268.7534pt x 135.1295pt.
<./public/spn.png, id=724, 464.4853pt x 241.65282pt>
File: ./public/spn.png Graphic file (type png)
<use ./public/spn.png>
Package pdftex.def Info: ./public/spn.png  used on input line 454.
(pdftex.def)             Requested size: 278.69333pt x 144.9928pt.
 [21 <./public/convoglio.png> <./public/latenza.png> <./public/roundrobin.png>]
<./public/spnaverage.png, id=732, 464.4853pt x 292.84406pt>
File: ./public/spnaverage.png Graphic file (type png)
<use ./public/spnaverage.png>
Package pdftex.def Info: ./public/spnaverage.png  used on input line 462.
(pdftex.def)             Requested size: 232.24208pt x 146.42166pt.
<./public/srt.png, id=733, 484.05844pt x 193.47281pt>
File: ./public/srt.png Graphic file (type png)
<use ./public/srt.png>
Package pdftex.def Info: ./public/srt.png  used on input line 467.
(pdftex.def)             Requested size: 290.4373pt x 116.08458pt.
<./public/multilevel.png, id=734, 602.25pt x 340.27126pt>
File: ./public/multilevel.png Graphic file (type png)
<use ./public/multilevel.png>
Package pdftex.def Info: ./public/multilevel.png  used on input line 473.
(pdftex.def)             Requested size: 301.12425pt x 170.13521pt.
 [22 <./public/spn.png> <./public/spnaverage.png> <./public/srt.png>]
<./public/multilevelfeed.png, id=742, 623.32875pt x 340.27126pt>
File: ./public/multilevelfeed.png Graphic file (type png)
<use ./public/multilevelfeed.png>
Package pdftex.def Info: ./public/multilevelfeed.png  used on input line 478.
(pdftex.def)             Requested size: 280.49535pt x 153.12064pt.
<./public/architetturasmp.png, id=743, 385.44pt x 313.17pt>
File: ./public/architetturasmp.png Graphic file (type png)
<use ./public/architetturasmp.png>
Package pdftex.def Info: ./public/architetturasmp.png  used on input line 491.
(pdftex.def)             Requested size: 192.71953pt x 156.58461pt.
 [23{/usr/share/texmf-dist/fonts/enc/dvips/lm/lm-mathit.enc} <./public/multilevel.png> <./public/multilevelfeed.png>]
<./public/intel.png, id=752, 536.0025pt x 198.7425pt>
File: ./public/intel.png Graphic file (type png)
<use ./public/intel.png>
Package pdftex.def Info: ./public/intel.png  used on input line 495.
(pdftex.def)             Requested size: 268.0006pt x 99.371pt.
<./public/masterslave.png, id=753, 408.77719pt x 115.93312pt>
File: ./public/masterslave.png Graphic file (type png)
<use ./public/masterslave.png>
Package pdftex.def Info: ./public/masterslave.png  used on input line 503.
(pdftex.def)             Requested size: 204.38809pt x 57.96642pt.
<./public/PEER.png, id=754, 398.23781pt x 142.28156pt>
File: ./public/PEER.png Graphic file (type png)
<use ./public/PEER.png>
Package pdftex.def Info: ./public/PEER.png  used on input line 509.
(pdftex.def)             Requested size: 199.11841pt x 71.1406pt.
 [24 <./public/architetturasmp.png> <./public/intel.png> <./public/masterslave.png> <./public/PEER.png>]
<./public/assdinamica.png, id=763, 536.0025pt x 170.88844pt>
File: ./public/assdinamica.png Graphic file (type png)
<use ./public/assdinamica.png>
Package pdftex.def Info: ./public/assdinamica.png  used on input line 528.
(pdftex.def)             Requested size: 268.0006pt x 85.444pt.
<./public/cpuaff.png, id=764, 297.36093pt x 167.87718pt>
File: ./public/cpuaff.png Graphic file (type png)
<use ./public/cpuaff.png>
Package pdftex.def Info: ./public/cpuaff.png  used on input line 537.
(pdftex.def)             Requested size: 148.6801pt x 83.93839pt.
<./public/loadbal.png, id=765, 308.65312pt x 222.8325pt>
File: ./public/loadbal.png Graphic file (type png)
<use ./public/loadbal.png>
Package pdftex.def Info: ./public/loadbal.png  used on input line 541.
(pdftex.def)             Requested size: 123.45905pt x 89.13141pt.
 [25 <./public/assdinamica.png> <./public/cpuaff.png> <./public/loadbal.png>]
<./public/tasks.png, id=774, 511.9125pt x 172.39406pt>
File: ./public/tasks.png Graphic file (type png)
<use ./public/tasks.png>
Package pdftex.def Info: ./public/tasks.png  used on input line 556.
(pdftex.def)             Requested size: 255.95563pt x 86.19681pt.
<./public/o(1).png, id=775, 546.54187pt x 185.94469pt>
File: ./public/o(1).png Graphic file (type png)
<use ./public/o(1).png>
Package pdftex.def Info: ./public/o(1).png  used on input line 567.
(pdftex.def)             Requested size: 273.27026pt x 92.9721pt.
 [26 <./public/tasks.png> <./public/o(1).png>]
<./public/fairscheduler.png, id=782, 616.55344pt x 191.21437pt>
File: ./public/fairscheduler.png Graphic file (type png)
<use ./public/fairscheduler.png>
Package pdftex.def Info: ./public/fairscheduler.png  used on input line 586.
(pdftex.def)             Requested size: 308.27596pt x 95.60695pt.
<./public/redtree.png, id=783, 587.94656pt x 315.42844pt>
File: ./public/redtree.png Graphic file (type png)
<use ./public/redtree.png>
Package pdftex.def Info: ./public/redtree.png  used on input line 590.
(pdftex.def)             Requested size: 293.97256pt x 157.71382pt.
<./public/blacktree.png, id=784, 587.94656pt x 351.56343pt>
File: ./public/blacktree.png Graphic file (type png)
<use ./public/blacktree.png>
Package pdftex.def Info: ./public/blacktree.png  used on input line 594.
(pdftex.def)             Requested size: 293.97256pt x 175.78128pt.
 [27 <./public/fairscheduler.png> <./public/redtree.png> <./public/blacktree.png>]
<./public/cgroups.png, id=792, 492.33937pt x 291.33844pt>
File: ./public/cgroups.png Graphic file (type png)
<use ./public/cgroups.png>
Package pdftex.def Info: ./public/cgroups.png  used on input line 608.
(pdftex.def)             Requested size: 246.16907pt x 145.66885pt.
<./public/threads.png, id=793, 481.04718pt x 241.65282pt>
File: ./public/threads.png Graphic file (type png)
<use ./public/threads.png>
Package pdftex.def Info: ./public/threads.png  used on input line 619.
(pdftex.def)             Requested size: 182.79982pt x 91.82901pt.
<./public/multithread.png, id=794, 590.95781pt x 319.1925pt>
File: ./public/multithread.png Graphic file (type png)
<use ./public/multithread.png>
Package pdftex.def Info: ./public/multithread.png  used on input line 623.
(pdftex.def)             Requested size: 295.47818pt x 159.59586pt.
 [28 <./public/cgroups.png> <./public/threads.png> <./public/multithread.png>]
<./public/multithreading.png, id=802, 481.04718pt x 276.28218pt>
File: ./public/multithreading.png Graphic file (type png)
<use ./public/multithreading.png>
Package pdftex.def Info: ./public/multithreading.png  used on input line 637.
(pdftex.def)             Requested size: 240.523pt x 138.14075pt.
<./public/statithread.png, id=803, 373.395pt x 282.30469pt>
File: ./public/statithread.png Graphic file (type png)
<use ./public/statithread.png>
Package pdftex.def Info: ./public/statithread.png  used on input line 641.
(pdftex.def)             Requested size: 186.69704pt x 141.152pt.
<./public/userthread.png, id=804, 331.2375pt x 324.46219pt>
File: ./public/userthread.png Graphic file (type png)
<use ./public/userthread.png>
Package pdftex.def Info: ./public/userthread.png  used on input line 652.
(pdftex.def)             Requested size: 165.61833pt x 162.23068pt.
 [29 <./public/multithreading.png> <./public/statithread.png>]
<./public/kernelevelthread.png, id=811, 312.41719pt x 338.01282pt>
File: ./public/kernelevelthread.png Graphic file (type png)
<use ./public/kernelevelthread.png>
Package pdftex.def Info: ./public/kernelevelthread.png  used on input line 663.
(pdftex.def)             Requested size: 156.2082pt x 169.00598pt.
 [30 <./public/userthread.png> <./public/kernelevelthread.png>]
<./public/threadlin.png, id=818, 523.9575pt x 345.54094pt>
File: ./public/threadlin.png Graphic file (type png)
<use ./public/threadlin.png>
Package pdftex.def Info: ./public/threadlin.png  used on input line 682.
(pdftex.def)             Requested size: 261.9781pt x 172.77003pt.
<./public/multiprog.png, id=819, 426.84468pt x 254.45062pt>
File: ./public/multiprog.png Graphic file (type png)
<use ./public/multiprog.png>
Package pdftex.def Info: ./public/multiprog.png  used on input line 691.
(pdftex.def)             Requested size: 213.42181pt x 127.22499pt.
<./public/parallel.png, id=820, 436.63126pt x 134.75343pt>
File: ./public/parallel.png Graphic file (type png)
<use ./public/parallel.png>
Package pdftex.def Info: ./public/parallel.png  used on input line 697.
(pdftex.def)             Requested size: 218.3151pt x 67.37654pt.
 [31 <./public/threadlin.png> <./public/multiprog.png> <./public/parallel.png>]
<./public/concpar.png, id=829, 429.10312pt x 144.54pt>
File: ./public/concpar.png Graphic file (type png)
<use ./public/concpar.png>
Package pdftex.def Info: ./public/concpar.png  used on input line 703.
(pdftex.def)             Requested size: 214.55103pt x 72.2698pt.
<./public/mutualexcl.png, id=830, 264.99pt x 215.80624pt>
File: ./public/mutualexcl.png Graphic file (type png)
<use ./public/mutualexcl.png>
Package pdftex.def Info: ./public/mutualexcl.png  used on input line 722.
(pdftex.def)             Requested size: 132.49467pt x 107.90285pt.
 [32 <./public/concpar.png> <./public/mutualexcl.png>] [33]
<./public/prodconssingle.png, id=846, 616.3025pt x 234.8775pt>
File: ./public/prodconssingle.png Graphic file (type png)
<use ./public/prodconssingle.png>
Package pdftex.def Info: ./public/prodconssingle.png  used on input line 790.
(pdftex.def)             Requested size: 308.1505pt x 117.43846pt.
<./public/prodconsque.png, id=847, 613.29124pt x 202.7575pt>
File: ./public/prodconsque.png Graphic file (type png)
<use ./public/prodconsque.png>
Package pdftex.def Info: ./public/prodconsque.png  used on input line 800.
(pdftex.def)             Requested size: 306.64487pt x 101.3785pt.
 [34 <./public/prodconssingle.png> <./public/prodconsque.png>] (/usr/share/texmf-dist/tex/latex/listings/lstlang1.sty
File: lstlang1.sty 2024/02/21 1.10 listings language file
) (/usr/share/texmf-dist/tex/latex/listings/lstmisc.sty
File: lstmisc.sty 2024/02/21 1.10 (Carsten Heinz)
)
<./public/lett-scritt.png, id=852, 709.65125pt x 439.6425pt>
File: ./public/lett-scritt.png Graphic file (type png)
<use ./public/lett-scritt.png>
Package pdftex.def Info: ./public/lett-scritt.png  used on input line 844.
(pdftex.def)             Requested size: 354.82475pt x 219.82071pt.
<./public/mem.png, id=853, 615.29875pt x 390.45876pt>
File: ./public/mem.png Graphic file (type png)
<use ./public/mem.png>
Package pdftex.def Info: ./public/mem.png  used on input line 853.
(pdftex.def)             Requested size: 307.64862pt x 195.2289pt.
 [35 <./public/lett-scritt.png>]
<./public/rilstat.png, id=864, 740.7675pt x 302.12875pt>
File: ./public/rilstat.png Graphic file (type png)
<use ./public/rilstat.png>
Package pdftex.def Info: ./public/rilstat.png  used on input line 859.
(pdftex.def)             Requested size: 370.38284pt x 151.064pt.
<./public/rildin.png, id=865, 725.71124pt x 361.35pt>
File: ./public/rildin.png Graphic file (type png)
<use ./public/rildin.png>
Package pdftex.def Info: ./public/rildin.png  used on input line 870.
(pdftex.def)             Requested size: 290.27936pt x 144.53743pt.
 [36 <./public/mem.png> <./public/rilstat.png> <./public/rildin.png>]
<./public/memswap.png, id=870, 463.7325pt x 196.735pt>
File: ./public/memswap.png Graphic file (type png)
<use ./public/memswap.png>
Package pdftex.def Info: ./public/memswap.png  used on input line 874.
(pdftex.def)             Requested size: 231.86568pt x 98.36725pt.
<./public/basebound.png, id=871, 740.7675pt x 377.41pt>
File: ./public/basebound.png Graphic file (type png)
<use ./public/basebound.png>
Package pdftex.def Info: ./public/basebound.png  used on input line 891.
(pdftex.def)             Requested size: 370.38284pt x 188.70453pt.
 [37 <./public/memswap.png> <./public/basebound.png>]
<./public/seg.png, id=881, 595.22375pt x 251.94125pt>
File: ./public/seg.png Graphic file (type png)
<use ./public/seg.png>
Package pdftex.def Info: ./public/seg.png  used on input line 906.
(pdftex.def)             Requested size: 297.61115pt x 125.9703pt.
<./public/segmenti.png, id=882, 312.16624pt x 284.06125pt>
File: ./public/segmenti.png Graphic file (type png)
<use ./public/segmenti.png>
Package pdftex.def Info: ./public/segmenti.png  used on input line 912.
(pdftex.def)             Requested size: 156.08273pt x 142.03026pt.
<./public/segmentation.png, id=883, 648.4225pt x 301.125pt>
File: ./public/segmentation.png Graphic file (type png)
<use ./public/segmentation.png>
Package pdftex.def Info: ./public/segmentation.png  used on input line 922.
(pdftex.def)             Requested size: 324.21045pt x 150.56212pt.
 [38 <./public/seg.png> <./public/segmenti.png> <./public/segmentation.png>]
<./public/sg.png, id=888, 571.13374pt x 377.41pt>
File: ./public/sg.png Graphic file (type png)
<use ./public/sg.png>
Package pdftex.def Info: ./public/sg.png  used on input line 931.
(pdftex.def)             Requested size: 285.56618pt x 188.70453pt.
<./public/segtable.png, id=889, 641.39626pt x 162.6075pt>
File: ./public/segtable.png Graphic file (type png)
<use ./public/segtable.png>
Package pdftex.def Info: ./public/segtable.png  used on input line 935.
(pdftex.def)             Requested size: 320.69734pt x 81.30354pt.
<./public/hole.png, id=890, 589.20125pt x 206.7725pt>
File: ./public/hole.png Graphic file (type png)
<use ./public/hole.png>
Package pdftex.def Info: ./public/hole.png  used on input line 946.
(pdftex.def)             Requested size: 294.5999pt x 103.38599pt.
 [39 <./public/sg.png> <./public/segtable.png> <./public/hole.png>]
<./public/paginazione.jpg, id=895, 423.83344pt x 301.8778pt>
File: ./public/paginazione.jpg Graphic file (type jpg)
<use ./public/paginazione.jpg>
Package pdftex.def Info: ./public/paginazione.jpg  used on input line 958.
(pdftex.def)             Requested size: 211.91618pt x 150.93852pt.
<./public/pagind.png, id=896, 640.3925pt x 318.18875pt>
File: ./public/pagind.png Graphic file (type png)
<use ./public/pagind.png>
Package pdftex.def Info: ./public/pagind.png  used on input line 971.
(pdftex.def)             Requested size: 320.19547pt x 159.09398pt.
<./public/pagarch.png, id=897, 676.5275pt x 362.35374pt>
File: ./public/pagarch.png Graphic file (type png)
<use ./public/pagarch.png>
Package pdftex.def Info: ./public/pagarch.png  used on input line 975.
(pdftex.def)             Requested size: 338.26291pt x 181.17642pt.
 [40 <./public/paginazione.jpg> <./public/pagind.png> <./public/pagarch.png>]
<./public/tabpag.png, id=902, 557.08125pt x 160.6pt>
File: ./public/tabpag.png Graphic file (type png)
<use ./public/tabpag.png>
Package pdftex.def Info: ./public/tabpag.png  used on input line 983.
(pdftex.def)             Requested size: 278.53995pt x 80.29979pt.
<./public/tlb.png, id=903, 761.84625pt x 459.7175pt>
File: ./public/tlb.png Graphic file (type png)
<use ./public/tlb.png>
Package pdftex.def Info: ./public/tlb.png  used on input line 992.
(pdftex.def)             Requested size: 380.9222pt x 229.85818pt.
<./public/valbit.png, id=904, 630.355pt x 175.65625pt>
File: ./public/valbit.png Graphic file (type png)
<use ./public/valbit.png>
Package pdftex.def Info: ./public/valbit.png  used on input line 996.
(pdftex.def)             Requested size: 315.17673pt x 87.8279pt.
 [41 <./public/tabpag.png> <./public/tlb.png> <./public/valbit.png>]
<./public/gerimp.png, id=909, 691.58376pt x 309.155pt>
File: ./public/gerimp.png Graphic file (type png)
<use ./public/gerimp.png>
Package pdftex.def Info: ./public/gerimp.png  used on input line 1012.
(pdftex.def)             Requested size: 345.79103pt x 154.57712pt.
<./public/tabinv.png, id=910, 621.32124pt x 418.56375pt>
File: ./public/tabinv.png Graphic file (type png)
<use ./public/tabinv.png>
Package pdftex.def Info: ./public/tabinv.png  used on input line 1033.
(pdftex.def)             Requested size: 310.65987pt x 209.28136pt.
 [42 <./public/gerimp.png> <./public/tabinv.png>]
<./public/virtmem.png, id=915, 644.4075pt x 404.51125pt>
File: ./public/virtmem.png Graphic file (type png)
<use ./public/virtmem.png>
Package pdftex.def Info: ./public/virtmem.png  used on input line 1042.
(pdftex.def)             Requested size: 322.20296pt x 202.25513pt.
<./public/validit.png, id=916, 664.4825pt x 407.5225pt>
File: ./public/validit.png Graphic file (type png)
<use ./public/validit.png>
Package pdftex.def Info: ./public/validit.png  used on input line 1050.
(pdftex.def)             Requested size: 332.24043pt x 203.76074pt.
 [43 <./public/virtmem.png> <./public/validit.png>] [44]
<./public/getctl.png, id=935, 737.75626pt x 388.45125pt>
File: ./public/getctl.png Graphic file (type png)
<use ./public/getctl.png>
Package pdftex.def Info: ./public/getctl.png  used on input line 1170.
(pdftex.def)             Requested size: 295.09727pt x 155.37773pt.
 [45 <./public/getctl.png>]
<./public/shm.png, id=945, 723.45282pt x 311.66437pt>
File: ./public/shm.png Graphic file (type png)
<use ./public/shm.png>
Package pdftex.def Info: ./public/shm.png  used on input line 1213.
(pdftex.def)             Requested size: 289.376pt x 124.66353pt.
 [46 <./public/shm.png>]
<./public/sem.png, id=973, 478.78876pt x 271.76532pt>
File: ./public/sem.png Graphic file (type png)
<use ./public/sem.png>
Package pdftex.def Info: ./public/sem.png  used on input line 1253.
(pdftex.def)             Requested size: 239.39378pt x 135.88232pt.
 [47 <./public/sem.png>] [48] [49] [50] (./main.aux)
 ***********
LaTeX2e <2023-11-01> patch level 1
L3 programming layer <2024-02-20>
 ***********
Package rerunfilecheck Info: File `main.out' has not changed.
(rerunfilecheck)             Checksum: DE7E8FC4ACA2C7556186567FD4FFADE7;16380.
 ) 
Here is how much of TeX's memory you used:
 24649 strings out of 476076
 441763 string characters out of 5793775
 1966187 words of memory out of 5000000
 46019 multiletter control sequences out of 15000+600000
 640632 words of font info for 99 fonts, out of 8000000 for 9000
 14 hyphenation exceptions out of 8191
 107i,12n,110p,629b,1937s stack positions out of 10000i,1000n,20000p,200000b,200000s
</usr/share/texmf-dist/fonts/type1/public/lm/lmbx10.pfb></usr/share/texmf-dist/fonts/type1/public/lm/lmbx12.pfb></usr/share/texmf-dist/fonts/type1/public/lm/lmmi10.pfb></usr/share/texmf-dist/fonts/type1/public/lm/lmmi7.pfb></usr/share/texmf-dist/fonts/type1/public/lm/lmr10.pfb></usr/share/texmf-dist/fonts/type1/public/lm/lmr12.pfb></usr/share/texmf-dist/fonts/type1/public/lm/lmr17.pfb></usr/share/texmf-dist/fonts/type1/public/lm/lmri10.pfb></usr/share/texmf-dist/fonts/type1/public/lm/lmro10.pfb></usr/share/texmf-dist/fonts/type1/public/lm/lmsy10.pfb>
Output written on main.pdf (50 pages, 5366663 bytes).
PDF statistics:
 1198 PDF objects out of 1200 (max. 8388607)
 954 compressed objects within 10 object streams
 299 named destinations out of 1000 (max. 500000)
 1337 words of extra memory for PDF output out of 10000 (max. 10000000)

