\BOOKMARK [1][-]{section.1}{\376\377\000S\000i\000s\000t\000e\000m\000i\000\040\000O\000p\000e\000r\000a\000t\000i\000v\000i}{}% 1
\BOOKMARK [2][-]{subsection.1.1}{\376\377\000S\000i\000s\000t\000e\000m\000i\000\040\000s\000i\000n\000g\000l\000e\000-\000u\000s\000e\000r}{section.1}% 2
\BOOKMARK [2][-]{subsection.1.2}{\376\377\000B\000a\000t\000c\000h\000\040\000S\000y\000s\000t\000e\000m\000s}{section.1}% 3
\BOOKMARK [2][-]{subsection.1.3}{\376\377\000S\000i\000s\000t\000e\000m\000i\000\040\000m\000u\000l\000t\000i\000p\000r\000o\000g\000r\000a\000m\000m\000a\000t\000i}{section.1}% 4
\BOOKMARK [2][-]{subsection.1.4}{\376\377\000S\000i\000s\000t\000e\000m\000i\000\040\000t\000i\000m\000e\000-\000s\000h\000a\000r\000i\000n\000g}{section.1}% 5
\BOOKMARK [2][-]{subsection.1.5}{\376\377\000P\000e\000r\000s\000o\000n\000a\000l\000\040\000C\000o\000m\000p\000u\000t\000i\000n\000g}{section.1}% 6
\BOOKMARK [2][-]{subsection.1.6}{\376\377\000E\000m\000b\000e\000d\000d\000e\000d\000\040\000C\000o\000m\000p\000u\000t\000i\000n\000g}{section.1}% 7
\BOOKMARK [2][-]{subsection.1.7}{\376\377\000M\000o\000b\000i\000l\000e\000\040\000C\000o\000m\000p\000u\000t\000i\000n\000g}{section.1}% 8
\BOOKMARK [2][-]{subsection.1.8}{\376\377\000D\000i\000s\000t\000r\000i\000b\000u\000t\000e\000d\000,\000\040\000C\000l\000o\000u\000d\000,\000\040\000E\000d\000g\000e\000\040\000C\000o\000m\000p\000u\000t\000i\000n\000g}{section.1}% 9
\BOOKMARK [1][-]{section.2}{\376\377\000C\000e\000n\000n\000i\000\040\000c\000a\000l\000c\000o\000l\000a\000t\000o\000r\000i}{}% 10
\BOOKMARK [2][-]{subsection.2.1}{\376\377\000I\000n\000t\000e\000r\000f\000a\000c\000c\000i\000a\000m\000e\000n\000t\000o\000\040\000t\000r\000a\000\040\000C\000P\000U\000\040\000e\000\040\000I\000/\000O}{section.2}% 11
\BOOKMARK [2][-]{subsection.2.2}{\376\377\000I\000n\000t\000e\000r\000r\000u\000p\000t}{section.2}% 12
\BOOKMARK [2][-]{subsection.2.3}{\376\377\000P\000r\000o\000t\000e\000z\000i\000o\000n\000e\000\040\000d\000e\000l\000l\000e\000\040\000r\000i\000s\000o\000r\000s\000e\000\040\000h\000a\000r\000d\000w\000a\000r\000e}{section.2}% 13
\BOOKMARK [2][-]{subsection.2.4}{\376\377\000P\000r\000o\000t\000e\000z\000i\000o\000n\000e\000\040\000d\000i\000\040\000m\000e\000m\000o\000r\000i\000a\000\040\000e\000\040\000d\000e\000l\000l\000e\000\040\000m\000e\000m\000o\000r\000i\000e}{section.2}% 14
\BOOKMARK [1][-]{section.3}{\376\377\000A\000r\000c\000h\000i\000t\000e\000t\000t\000u\000r\000a\000\040\000S\000O}{}% 15
\BOOKMARK [2][-]{subsection.3.1}{\376\377\000K\000e\000r\000n\000e\000l}{section.3}% 16
\BOOKMARK [2][-]{subsection.3.2}{\376\377\000G\000e\000s\000t\000i\000o\000n\000e\000\040\000d\000e\000l\000l\000a\000\040\000m\000e\000m\000o\000r\000i\000a}{section.3}% 17
\BOOKMARK [2][-]{subsection.3.3}{\376\377\000G\000e\000s\000t\000i\000o\000n\000e\000\040\000p\000e\000r\000i\000f\000e\000r\000i\000c\000h\000e}{section.3}% 18
\BOOKMARK [2][-]{subsection.3.4}{\376\377\000F\000i\000l\000e\000\040\000s\000y\000s\000t\000e\000m}{section.3}% 19
\BOOKMARK [1][-]{section.4}{\376\377\000I\000n\000v\000o\000c\000a\000z\000i\000o\000n\000e\000\040\000s\000i\000s\000t\000e\000m\000a\000\040\000o\000p\000e\000r\000a\000t\000i\000v\000o}{}% 20
\BOOKMARK [2][-]{subsection.4.1}{\376\377\000S\000y\000s\000t\000e\000m\000\040\000c\000a\000l\000l}{section.4}% 21
\BOOKMARK [2][-]{subsection.4.2}{\376\377\000T\000i\000p\000i\000\040\000d\000i\000\040\000a\000r\000c\000h\000i\000t\000e\000t\000t\000u\000r\000e\000\040\000S\000O}{section.4}% 22
\BOOKMARK [3][-]{subsubsection.4.2.1}{\376\377\000M\000o\000n\000o\000l\000i\000t\000i\000c\000h\000e\000\040\000e\000\040\000m\000o\000d\000u\000l\000a\000r\000i}{subsection.4.2}% 23
\BOOKMARK [3][-]{subsubsection.4.2.2}{\376\377\000M\000i\000c\000r\000o\000k\000e\000r\000n\000e\000l}{subsection.4.2}% 24
\BOOKMARK [1][-]{section.5}{\376\377\000P\000r\000o\000c\000e\000s\000s\000i}{}% 25
\BOOKMARK [2][-]{subsection.5.1}{\376\377\000S\000t\000a\000t\000o\000\040\000d\000i\000\040\000u\000n\000\040\000p\000r\000o\000c\000e\000s\000s\000o}{section.5}% 26
\BOOKMARK [3][-]{subsubsection.5.1.1}{\376\377\000M\000o\000d\000e\000l\000l\000o\000\040\000a\000\040\0002\000/\0003\000\040\000s\000t\000a\000t\000i}{subsection.5.1}% 27
\BOOKMARK [3][-]{subsubsection.5.1.2}{\376\377\000C\000o\000n\000t\000e\000x\000t\000\040\000s\000w\000i\000t\000c\000h}{subsection.5.1}% 28
\BOOKMARK [3][-]{subsubsection.5.1.3}{\376\377\000M\000o\000d\000e\000l\000l\000o\000\040\000a\000\040\0005\000/\0006\000\040\000s\000t\000a\000t\000i}{subsection.5.1}% 29
\BOOKMARK [3][-]{subsubsection.5.1.4}{\376\377\000P\000r\000o\000c\000e\000s\000s\000i\000\040\000i\000n\000\040\000U\000n\000i\000x}{subsection.5.1}% 30
\BOOKMARK [3][-]{subsubsection.5.1.5}{\376\377\000C\000o\000d\000e\000\040\000d\000e\000i\000\040\000p\000r\000o\000c\000e\000s\000s\000i}{subsection.5.1}% 31
\BOOKMARK [1][-]{section.6}{\376\377\000S\000c\000h\000e\000d\000u\000l\000i\000n\000g}{}% 32
\BOOKMARK [2][-]{subsection.6.1}{\376\377\000S\000c\000h\000e\000d\000u\000l\000e\000r\000\040\000a\000\040\000l\000u\000n\000g\000o\000\040\000t\000e\000r\000m\000i\000n\000e}{section.6}% 33
\BOOKMARK [2][-]{subsection.6.2}{\376\377\000S\000c\000h\000e\000d\000u\000l\000e\000r\000\040\000a\000\040\000m\000e\000d\000i\000o\000\040\000t\000e\000r\000m\000i\000n\000e}{section.6}% 34
\BOOKMARK [2][-]{subsection.6.3}{\376\377\000S\000c\000h\000e\000d\000u\000l\000e\000r\000\040\000d\000i\000\040\000b\000r\000e\000v\000e\000\040\000t\000e\000r\000m\000i\000n\000e}{section.6}% 35
\BOOKMARK [2][-]{subsection.6.4}{\376\377\000C\000r\000i\000t\000e\000r\000i\000,\000\040\000S\000t\000a\000r\000v\000a\000t\000i\000o\000n\000,\000\040\000P\000r\000e\000e\000m\000p\000t\000i\000o\000n}{section.6}% 36
\BOOKMARK [3][-]{subsubsection.6.4.1}{\376\377\000C\000r\000i\000t\000e\000r\000i\000\040\000d\000i\000\040\000p\000r\000e\000s\000t\000a\000z\000i\000o\000n\000e}{subsection.6.4}% 37
\BOOKMARK [3][-]{subsubsection.6.4.2}{\376\377\000S\000t\000a\000r\000v\000a\000t\000i\000o\000n}{subsection.6.4}% 38
\BOOKMARK [3][-]{subsubsection.6.4.3}{\376\377\000P\000r\000e\000e\000m\000p\000t\000i\000o\000n}{subsection.6.4}% 39
\BOOKMARK [2][-]{subsection.6.5}{\376\377\000A\000l\000g\000o\000r\000i\000t\000m\000i}{section.6}% 40
\BOOKMARK [3][-]{subsubsection.6.5.1}{\376\377\000F\000i\000r\000s\000t\000-\000C\000o\000m\000e\000-\000F\000i\000r\000s\000t\000-\000S\000e\000r\000v\000e\000d\000\040\000F\000C\000F\000S}{subsection.6.5}% 41
\BOOKMARK [3][-]{subsubsection.6.5.2}{\376\377\000R\000o\000u\000n\000d\000-\000R\000o\000b\000i\000n}{subsection.6.5}% 42
\BOOKMARK [3][-]{subsubsection.6.5.3}{\376\377\000S\000h\000o\000r\000t\000e\000s\000t\000\040\000P\000r\000o\000c\000e\000s\000s\000\040\000N\000e\000x\000t}{subsection.6.5}% 43
\BOOKMARK [3][-]{subsubsection.6.5.4}{\376\377\000S\000h\000o\000r\000t\000e\000s\000t\000\040\000R\000e\000m\000a\000i\000n\000i\000n\000g\000\040\000T\000i\000m\000e}{subsection.6.5}% 44
\BOOKMARK [3][-]{subsubsection.6.5.5}{\376\377\000S\000c\000h\000e\000d\000u\000l\000e\000r\000\040\000a\000\040\000P\000r\000i\000o\000r\000i\000t\000\340}{subsection.6.5}% 45
\BOOKMARK [3][-]{subsubsection.6.5.6}{\376\377\000M\000u\000l\000t\000i\000l\000e\000v\000e\000l\000\040\000F\000e\000e\000d\000b\000a\000c\000k}{subsection.6.5}% 46
\BOOKMARK [1][-]{section.7}{\376\377\000S\000M\000P\000\040\000e\000\040\000S\000c\000h\000e\000d\000u\000l\000i\000n\000g\000\040\000m\000u\000l\000t\000i\000p\000r\000o\000c\000e\000s\000s\000o\000r\000e}{}% 47
\BOOKMARK [2][-]{subsection.7.1}{\376\377\000S\000O\000\040\000p\000e\000r\000\040\000S\000M\000P}{section.7}% 48
\BOOKMARK [3][-]{subsubsection.7.1.1}{\376\377\000M\000A\000S\000T\000E\000R\000/\000S\000L\000A\000V\000E}{subsection.7.1}% 49
\BOOKMARK [3][-]{subsubsection.7.1.2}{\376\377\000P\000E\000E\000R}{subsection.7.1}% 50
\BOOKMARK [3][-]{subsubsection.7.1.3}{\376\377\000A\000s\000s\000e\000g\000n\000a\000z\000i\000o\000n\000e\000\040\000d\000e\000i\000\040\000p\000r\000o\000c\000e\000s\000s\000i}{subsection.7.1}% 51
\BOOKMARK [1][-]{section.8}{\376\377\000S\000c\000h\000e\000d\000u\000l\000i\000n\000g\000\040\000i\000n\000\040\000L\000i\000n\000u\000x}{}% 52
\BOOKMARK [2][-]{subsection.8.1}{\376\377\000A\000l\000g\000o\000r\000i\000t\000m\000i\000\040\000d\000i\000\040\000s\000c\000h\000e\000d\000u\000l\000i\000n\000g}{section.8}% 53
\BOOKMARK [3][-]{subsubsection.8.1.1}{\376\377\000S\000c\000h\000e\000d\000u\000l\000e\000r\000\040\000O\000\050\0001\000\051}{subsection.8.1}% 54
\BOOKMARK [3][-]{subsubsection.8.1.2}{\376\377\000C\000F\000S\000\040\000s\000c\000h\000e\000d\000u\000l\000e\000r}{subsection.8.1}% 55
\BOOKMARK [2][-]{subsection.8.2}{\376\377\000C\000g\000r\000o\000u\000p\000s}{section.8}% 56
\BOOKMARK [1][-]{section.9}{\376\377\000T\000h\000r\000e\000a\000d\000s}{}% 57
\BOOKMARK [2][-]{subsection.9.1}{\376\377\000T\000i\000p\000o\000l\000o\000g\000i\000e\000\040\000d\000i\000\040\000T\000h\000r\000e\000a\000d}{section.9}% 58
\BOOKMARK [3][-]{subsubsection.9.1.1}{\376\377\000U\000s\000e\000r\000-\000L\000e\000v\000e\000l\000\040\000T\000h\000r\000e\000a\000d}{subsection.9.1}% 59
\BOOKMARK [3][-]{subsubsection.9.1.2}{\376\377\000K\000e\000r\000n\000e\000l\000-\000L\000e\000v\000e\000l\000-\000T\000h\000r\000e\000a\000d}{subsection.9.1}% 60
\BOOKMARK [2][-]{subsection.9.2}{\376\377\000I\000m\000p\000l\000e\000m\000e\000n\000t\000a\000z\000i\000o\000n\000i\000\040\000d\000e\000i\000\040\000t\000h\000r\000e\000a\000d}{section.9}% 61
\BOOKMARK [3][-]{subsubsection.9.2.1}{\376\377\000T\000h\000r\000e\000a\000d\000\040\000i\000n\000\040\000G\000o}{subsection.9.2}% 62
\BOOKMARK [3][-]{subsubsection.9.2.2}{\376\377\000T\000h\000r\000e\000a\000d\000\040\000i\000n\000\040\000L\000i\000n\000u\000x}{subsection.9.2}% 63
\BOOKMARK [3][-]{subsubsection.9.2.3}{\376\377\000T\000h\000r\000e\000a\000d\000\040\000i\000n\000\040\000W\000i\000n\0002\0000\0000\0000}{subsection.9.2}% 64
\BOOKMARK [1][-]{section.10}{\376\377\000P\000r\000o\000g\000r\000a\000m\000m\000a\000z\000i\000o\000n\000e\000\040\000c\000o\000n\000c\000o\000r\000r\000e\000n\000t\000e}{}% 65
\BOOKMARK [2][-]{subsection.10.1}{\376\377\000M\000u\000l\000t\000i\000p\000r\000o\000g\000r\000a\000m\000m\000a\000z\000i\000o\000n\000e}{section.10}% 66
\BOOKMARK [2][-]{subsection.10.2}{\376\377\000P\000a\000r\000a\000l\000l\000e\000l\000i\000s\000m\000o}{section.10}% 67
\BOOKMARK [3][-]{subsubsection.10.2.1}{\376\377\000C\000o\000n\000c\000o\000r\000r\000e\000n\000z\000a\000-\000P\000a\000r\000a\000l\000l\000e\000l\000i\000s\000m\000o}{subsection.10.2}% 68
\BOOKMARK [1][-]{section.11}{\376\377\000S\000i\000n\000c\000r\000o\000n\000i\000z\000z\000a\000z\000i\000o\000n\000e\000\040\000G\000l\000o\000b\000a\000l\000e}{}% 69
\BOOKMARK [2][-]{subsection.11.1}{\376\377\000S\000e\000z\000i\000o\000n\000e\000\040\000C\000r\000i\000t\000i\000c\000a}{section.11}% 70
\BOOKMARK [2][-]{subsection.11.2}{\376\377\000M\000u\000t\000u\000a\000\040\000E\000s\000c\000l\000u\000s\000i\000o\000n\000e}{section.11}% 71
\BOOKMARK [3][-]{subsubsection.11.2.1}{\376\377\000L\000o\000c\000k}{subsection.11.2}% 72
\BOOKMARK [3][-]{subsubsection.11.2.2}{\376\377\000S\000e\000m\000a\000f\000o\000r\000i\000\040\000e\000\040\000M\000u\000t\000e\000x}{subsection.11.2}% 73
\BOOKMARK [1][-]{section.12}{\376\377\000C\000o\000o\000p\000e\000r\000a\000z\000i\000o\000n\000e}{}% 74
\BOOKMARK [2][-]{subsection.12.1}{\376\377\000P\000r\000o\000d\000-\000C\000o\000n\000s}{section.12}% 75
\BOOKMARK [3][-]{subsubsection.12.1.1}{\376\377\000P\000r\000o\000d\000-\000C\000o\000n\000s\000\040\000s\000i\000n\000g\000l\000e\000\040\000b\000u\000f\000f\000e\000r}{subsection.12.1}% 76
\BOOKMARK [3][-]{subsubsection.12.1.2}{\376\377\000P\000r\000o\000d\000-\000C\000o\000n\000s\000\040\000c\000o\000n\000\040\000c\000o\000d\000a}{subsection.12.1}% 77
\BOOKMARK [3][-]{subsubsection.12.1.3}{\376\377\000P\000r\000o\000d\000-\000C\000o\000n\000s\000\040\000m\000u\000l\000t\000i\000p\000l\000i\000\040\000c\000o\000n\000\040\000c\000o\000d\000a}{subsection.12.1}% 78
\BOOKMARK [2][-]{subsection.12.2}{\376\377\000L\000e\000t\000t\000o\000r\000i\000/\000S\000c\000r\000i\000t\000t\000o\000r\000i}{section.12}% 79
\BOOKMARK [1][-]{section.13}{\376\377\000G\000e\000s\000t\000i\000o\000n\000e\000\040\000m\000e\000m\000o\000r\000i\000a}{}% 80
\BOOKMARK [2][-]{subsection.13.1}{\376\377\000R\000i\000l\000o\000c\000a\000z\000i\000o\000n\000e\000\040\000D\000i\000n\000a\000m\000i\000c\000a}{section.13}% 81
\BOOKMARK [2][-]{subsection.13.2}{\376\377\000M\000M\000U}{section.13}% 82
\BOOKMARK [2][-]{subsection.13.3}{\376\377\000G\000e\000s\000t\000i\000o\000n\000e\000\040\000d\000e\000l\000l\000o\000\040\000s\000p\000a\000z\000i\000o\000\040\000v\000i\000r\000t\000u\000a\000l\000e}{section.13}% 83
\BOOKMARK [3][-]{subsubsection.13.3.1}{\376\377\000S\000e\000g\000m\000e\000n\000t\000a\000z\000i\000o\000n\000e}{subsection.13.3}% 84
\BOOKMARK [2][-]{subsection.13.4}{\376\377\000A\000l\000l\000o\000c\000a\000z\000i\000o\000n\000e}{section.13}% 85
\BOOKMARK [2][-]{subsection.13.5}{\376\377\000P\000a\000g\000i\000n\000a\000z\000i\000o\000n\000e}{section.13}% 86
\BOOKMARK [3][-]{subsubsection.13.5.1}{\376\377\000P\000a\000g\000i\000n\000a\000z\000i\000o\000n\000e\000\040\000g\000e\000r\000a\000r\000c\000h\000i\000c\000a}{subsection.13.5}% 87
\BOOKMARK [3][-]{subsubsection.13.5.2}{\376\377\000T\000a\000b\000e\000l\000l\000a\000\040\000d\000e\000l\000l\000e\000\040\000p\000a\000g\000i\000n\000e\000\040\000s\000u\000\040\000H\000a\000s\000h}{subsection.13.5}% 88
\BOOKMARK [3][-]{subsubsection.13.5.3}{\376\377\000T\000a\000b\000e\000l\000l\000a\000\040\000d\000e\000l\000l\000e\000\040\000p\000a\000g\000i\000n\000e\000\040\000i\000n\000v\000e\000r\000t\000i\000t\000a}{subsection.13.5}% 89
\BOOKMARK [1][-]{section.14}{\376\377\000M\000e\000m\000o\000r\000i\000a\000\040\000V\000i\000r\000t\000u\000a\000l\000e}{}% 90
\BOOKMARK [2][-]{subsection.14.1}{\376\377\000P\000a\000g\000e\000\040\000F\000a\000u\000l\000t}{section.14}% 91
\BOOKMARK [3][-]{subsubsection.14.1.1}{\376\377\000P\000a\000g\000e\000\040\000f\000a\000u\000l\000t\000\040\000c\000o\000n\000\040\000s\000o\000s\000t\000i\000t\000u\000z\000i\000o\000n\000e}{subsection.14.1}% 92
\BOOKMARK [1][-]{section.15}{\376\377\000I\000P\000C\000-\000S\000h\000m\000e\000m\000-\000S\000e\000m\000a\000f\000o\000r\000i}{}% 93
\BOOKMARK [2][-]{subsection.15.1}{\376\377\000I\000P\000C}{section.15}% 94
\BOOKMARK [3][-]{subsubsection.15.1.1}{\376\377\000P\000r\000i\000m\000i\000t\000i\000v\000a\000\040\000g\000e\000t}{subsection.15.1}% 95
\BOOKMARK [3][-]{subsubsection.15.1.2}{\376\377\000P\000r\000i\000m\000i\000t\000i\000v\000a\000\040\000c\000t\000l}{subsection.15.1}% 96
\BOOKMARK [3][-]{subsubsection.15.1.3}{\376\377\000I\000P\000C\000\040\000K\000e\000y\000s}{subsection.15.1}% 97
\BOOKMARK [2][-]{subsection.15.2}{\376\377\000M\000e\000m\000o\000r\000i\000a\000\040\000c\000o\000n\000d\000i\000v\000i\000s\000a}{section.15}% 98
\BOOKMARK [3][-]{subsubsection.15.2.1}{\376\377\000C\000r\000e\000a\000z\000i\000o\000n\000e\000\040\000S\000H\000M}{subsection.15.2}% 99
\BOOKMARK [2][-]{subsection.15.3}{\376\377\000S\000e\000m\000a\000f\000o\000r\000i}{section.15}% 100
\BOOKMARK [1][-]{section.16}{\376\377\000P\000T\000h\000r\000e\000a\000d\000s}{}% 101
\BOOKMARK [2][-]{subsection.16.1}{\376\377\000G\000e\000s\000t\000i\000o\000n\000e\000\040\000d\000e\000i\000\040\000t\000h\000r\000e\000a\000d}{section.16}% 102
\BOOKMARK [3][-]{subsubsection.16.1.1}{\376\377\000C\000r\000e\000a\000t\000e\000/\000E\000x\000i\000t}{subsection.16.1}% 103
\BOOKMARK [3][-]{subsubsection.16.1.2}{\376\377\000P\000a\000s\000s\000a\000g\000g\000i\000o\000\040\000d\000i\000\040\000p\000a\000r\000a\000m\000e\000t\000r\000i}{subsection.16.1}% 104
\BOOKMARK [3][-]{subsubsection.16.1.3}{\376\377\000J\000o\000i\000n}{subsection.16.1}% 105
\BOOKMARK [3][-]{subsubsection.16.1.4}{\376\377\000R\000e\000s\000t\000i\000t\000u\000z\000i\000o\000n\000e\000\040\000d\000e\000i\000\040\000d\000a\000t\000i}{subsection.16.1}% 106
\BOOKMARK [2][-]{subsection.16.2}{\376\377\000M\000u\000t\000e\000x}{section.16}% 107
\BOOKMARK [3][-]{subsubsection.16.2.1}{\376\377\000C\000r\000e\000a\000z\000i\000o\000n\000e\000\040\000e\000\040\000d\000i\000s\000t\000r\000u\000z\000i\000o\000n\000e}{subsection.16.2}% 108
