\BOOKMARK [1][-]{section.1}{\376\377\000H\000T\000T\000P}{}% 1
\BOOKMARK [2][-]{subsection.1.1}{\376\377\000R\000i\000c\000h\000i\000e\000s\000t\000e\000\040\000H\000T\000T\000P}{section.1}% 2
\BOOKMARK [2][-]{subsection.1.2}{\376\377\000R\000i\000s\000p\000o\000s\000t\000e\000\040\000H\000T\000T\000P}{section.1}% 3
\BOOKMARK [2][-]{subsection.1.3}{\376\377\000H\000e\000a\000d\000e\000r}{section.1}% 4
\BOOKMARK [2][-]{subsection.1.4}{\376\377\000C\000o\000o\000k\000i\000e\000s}{section.1}% 5
\BOOKMARK [1][-]{section.2}{\376\377\000F\000T\000P}{}% 6
\BOOKMARK [2][-]{subsection.2.1}{\376\377\000F\000u\000n\000z\000i\000o\000n\000a\000m\000e\000n\000t\000o}{section.2}% 7
\BOOKMARK [3][-]{subsubsection.2.1.1}{\376\377\000C\000o\000n\000t\000r\000o\000l\000l\000o}{subsection.2.1}% 8
\BOOKMARK [2][-]{subsection.2.2}{\376\377\000F\000T\000P\000\040\000A\000t\000t\000i\000v\000o\000/\000P\000a\000s\000s\000i\000v\000o}{section.2}% 9
\BOOKMARK [1][-]{section.3}{\376\377\000S\000M\000T\000P}{}% 10
\BOOKMARK [1][-]{section.4}{\376\377\000I\000P\000v\0004}{}% 11
\BOOKMARK [2][-]{subsection.4.1}{\376\377\000H\000e\000a\000d\000e\000r\000\040\000I\000P\000v\0004}{section.4}% 12
\BOOKMARK [3][-]{subsubsection.4.1.1}{\376\377\000I\000d\000e\000n\000t\000i\000f\000i\000c\000a\000t\000i\000o\000n\000,\000\040\000F\000l\000a\000g\000s\000,\000\040\000F\000r\000a\000g\000m\000e\000n\000t\000\040\000o\000f\000f\000s\000e\000t}{subsection.4.1}% 13
\BOOKMARK [3][-]{subsubsection.4.1.2}{\376\377\000F\000r\000a\000m\000m\000e\000n\000t\000a\000z\000i\000o\000n\000e\000\040\000e\000\040\000r\000i\000a\000s\000s\000e\000m\000b\000l\000a\000g\000g\000i\000o}{subsection.4.1}% 14
\BOOKMARK [3][-]{subsubsection.4.1.3}{\376\377\000O\000p\000z\000i\000o\000n\000i\000\040\000d\000e\000l\000l\000'\000h\000e\000a\000d\000e\000r\000\040\000I\000P\000v\0004}{subsection.4.1}% 15
\BOOKMARK [1][-]{section.5}{\376\377\000A\000R\000P}{}% 16
\BOOKMARK [1][-]{section.6}{\376\377\000E\000t\000h\000e\000r\000n\000e\000t}{}% 17
\BOOKMARK [1][-]{section.7}{\376\377\000I\000P\000v\0006}{}% 18
\BOOKMARK [2][-]{subsection.7.1}{\376\377\000O\000p\000t\000i\000o\000n\000s}{section.7}% 19
\BOOKMARK [1][-]{section.8}{\376\377\000U\000D\000P}{}% 20
\BOOKMARK [1][-]{section.9}{\376\377\000T\000C\000P}{}% 21
