\BOOKMARK [1][-]{section.1}{\376\377\000M\000o\000d\000e\000l\000l\000o\000\040\000a\000\040\000s\000t\000r\000a\000t\000i}{}% 1
\BOOKMARK [2][-]{subsection.1.1}{\376\377\000D\000e\000f\000i\000n\000i\000z\000i\000o\000n\000e}{section.1}% 2
\BOOKMARK [2][-]{subsection.1.2}{\376\377\000I\000l\000\040\000m\000o\000d\000e\000l\000l\000o\000\040\000O\000S\000I}{section.1}% 3
\BOOKMARK [1][-]{section.2}{\376\377\000L\0003\000:\000\040\000r\000e\000t\000e}{}% 4
\BOOKMARK [2][-]{subsection.2.1}{\376\377\000P\000a\000c\000k\000e\000t\000\040\000s\000w\000i\000t\000c\000h\000i\000n\000g}{section.2}% 5
\BOOKMARK [3][-]{subsubsection.2.1.1}{\376\377\000D\000a\000t\000a\000g\000r\000a\000m}{subsection.2.1}% 6
\BOOKMARK [3][-]{subsubsection.2.1.2}{\376\377\000Q\000o\000S}{subsection.2.1}% 7
\BOOKMARK [2][-]{subsection.2.2}{\376\377\000P\000r\000o\000t\000o\000c\000o\000l\000l\000i}{section.2}% 8
\BOOKMARK [3][-]{subsubsection.2.2.1}{\376\377\000I\000t\000.\000p\000n\000g\000\040\000P\000v\0004}{subsection.2.2}% 9
\BOOKMARK [1][-]{section.3}{\376\377\000L\0004\000:\000\040\000T\000r\000a\000s\000p\000o\000r\000t\000o}{}% 10
\BOOKMARK [2][-]{subsection.3.1}{\376\377\000M\000u\000l\000t\000i\000p\000l\000e\000x\000i\000n\000g\000-\000D\000e\000m\000u\000l\000t\000i\000p\000l\000e\000x\000i\000n\000g}{section.3}% 11
\BOOKMARK [3][-]{subsubsection.3.1.1}{\376\377\000U\000D\000P}{subsection.3.1}% 12
\BOOKMARK [3][-]{subsubsection.3.1.2}{\376\377\000T\000C\000P}{subsection.3.1}% 13
\BOOKMARK [2][-]{subsection.3.2}{\376\377\000C\000l\000i\000e\000n\000t\000-\000S\000e\000r\000v\000e\000r}{section.3}% 14
\BOOKMARK [1][-]{section.4}{\376\377\000H\000T\000T\000P\000\040\000\050\000a\000p\000p\000l\000i\000c\000a\000t\000i\000v\000o\000\051}{}% 15
\BOOKMARK [2][-]{subsection.4.1}{\376\377\000F\000u\000n\000z\000i\000o\000n\000a\000m\000e\000n\000t\000o}{section.4}% 16
\BOOKMARK [3][-]{subsubsection.4.1.1}{\376\377\000U\000R\000L}{subsection.4.1}% 17
\BOOKMARK [2][-]{subsection.4.2}{\376\377\000R\000i\000c\000h\000i\000e\000s\000t\000a}{section.4}% 18
\BOOKMARK [3][-]{subsubsection.4.2.1}{\376\377\000G\000E\000T}{subsection.4.2}% 19
\BOOKMARK [3][-]{subsubsection.4.2.2}{\376\377\000H\000E\000A\000D}{subsection.4.2}% 20
\BOOKMARK [3][-]{subsubsection.4.2.3}{\376\377\000P\000O\000S\000T}{subsection.4.2}% 21
\BOOKMARK [3][-]{subsubsection.4.2.4}{\376\377\000P\000U\000T}{subsection.4.2}% 22
\BOOKMARK [2][-]{subsection.4.3}{\376\377\000R\000i\000s\000p\000o\000s\000t\000a}{section.4}% 23
\BOOKMARK [3][-]{subsubsection.4.3.1}{\376\377\000S\000t\000a\000t\000u\000s\000\040\000C\000o\000d\000e}{subsection.4.3}% 24
\BOOKMARK [2][-]{subsection.4.4}{\376\377\000H\000e\000a\000d\000e\000r}{section.4}% 25
\BOOKMARK [3][-]{subsubsection.4.4.1}{\376\377\000H\000e\000a\000d\000e\000r\000\040\000g\000e\000n\000e\000r\000a\000l\000i}{subsection.4.4}% 26
\BOOKMARK [3][-]{subsubsection.4.4.2}{\376\377\000H\000e\000a\000d\000e\000r\000\040\000r\000i\000s\000p\000o\000s\000t\000a}{subsection.4.4}% 27
\BOOKMARK [3][-]{subsubsection.4.4.3}{\376\377\000H\000e\000a\000d\000e\000r\000\040\000i\000d\000e\000n\000t\000i\000t\000\340}{subsection.4.4}% 28
\BOOKMARK [2][-]{subsection.4.5}{\376\377\000C\000o\000o\000k\000i\000e\000s}{section.4}% 29
\BOOKMARK [2][-]{subsection.4.6}{\376\377\000C\000o\000n\000n\000e\000s\000s\000i\000o\000n\000i}{section.4}% 30
\BOOKMARK [2][-]{subsection.4.7}{\376\377\000W\000e\000b\000\040\000C\000a\000c\000h\000i\000n\000g}{section.4}% 31
\BOOKMARK [2][-]{subsection.4.8}{\376\377\000B\000r\000o\000w\000s\000e\000r\000\040\000W\000e\000b}{section.4}% 32
\BOOKMARK [1][-]{section.5}{\376\377\000D\000N\000S\000\040\000\050\000a\000p\000p\000l\000i\000c\000a\000t\000i\000v\000o\000\051}{}% 33
\BOOKMARK [2][-]{subsection.5.1}{\376\377\000S\000o\000l\000u\000z\000i\000o\000n\000i}{section.5}% 34
\BOOKMARK [2][-]{subsection.5.2}{\376\377\000A\000t\000t\000o\000r\000i}{section.5}% 35
\BOOKMARK [2][-]{subsection.5.3}{\376\377\000T\000i\000p\000o\000l\000o\000g\000i\000e\000\040\000d\000i\000\040\000D\000N\000S}{section.5}% 36
\BOOKMARK [3][-]{subsubsection.5.3.1}{\376\377\000R\000o\000o\000t\000\040\000N\000a\000m\000e\000\040\000S\000e\000r\000v\000e\000r}{subsection.5.3}% 37
\BOOKMARK [3][-]{subsubsection.5.3.2}{\376\377\000T\000o\000p\000\040\000L\000e\000v\000e\000l\000\040\000D\000o\000m\000a\000i\000n}{subsection.5.3}% 38
\BOOKMARK [3][-]{subsubsection.5.3.3}{\376\377\000A\000u\000t\000h\000o\000r\000i\000t\000a\000t\000i\000v\000e}{subsection.5.3}% 39
\BOOKMARK [3][-]{subsubsection.5.3.4}{\376\377\000L\000o\000c\000a\000l\000\040\000N\000a\000m\000e\000\040\000S\000e\000r\000v\000e\000r}{subsection.5.3}% 40
\BOOKMARK [2][-]{subsection.5.4}{\376\377\000R\000i\000s\000o\000l\000u\000z\000i\000o\000n\000i\000\040\000D\000N\000S}{section.5}% 41
\BOOKMARK [3][-]{subsubsection.5.4.1}{\376\377\000Q\000u\000e\000r\000y\000\040\000I\000t\000e\000r\000a\000t\000i\000v\000e}{subsection.5.4}% 42
\BOOKMARK [3][-]{subsubsection.5.4.2}{\376\377\000Q\000u\000e\000r\000y\000\040\000R\000e\000c\000u\000r\000s\000i\000v\000e}{subsection.5.4}% 43
\BOOKMARK [2][-]{subsection.5.5}{\376\377\000C\000a\000c\000h\000i\000n\000g}{section.5}% 44
\BOOKMARK [3][-]{subsubsection.5.5.1}{\376\377\000R\000e\000s\000o\000u\000r\000c\000e\000\040\000R\000e\000c\000o\000r\000d\000s}{subsection.5.5}% 45
\BOOKMARK [2][-]{subsection.5.6}{\376\377\000P\000r\000o\000t\000o\000c\000o\000l\000l\000o\000\040\000D\000N\000S}{section.5}% 46
\BOOKMARK [1][-]{section.6}{\376\377\000F\000T\000P\000\040\000\050\000a\000p\000p\000l\000i\000c\000a\000t\000i\000v\000o\000/\000t\000r\000a\000s\000p\000o\000r\000t\000o\000\051}{}% 47
\BOOKMARK [2][-]{subsection.6.1}{\376\377\000F\000u\000n\000z\000i\000o\000n\000a\000m\000e\000n\000t\000o}{section.6}% 48
\BOOKMARK [3][-]{subsubsection.6.1.1}{\376\377\000C\000o\000n\000t\000r\000o\000l\000l\000o}{subsection.6.1}% 49
\BOOKMARK [2][-]{subsection.6.2}{\376\377\000F\000T\000P\000\040\000A\000t\000t\000i\000v\000o\000/\000P\000a\000s\000s\000i\000v\000o}{section.6}% 50
\BOOKMARK [1][-]{section.7}{\376\377\000S\000M\000T\000P\000\040\000\050\000a\000p\000p\000l\000i\000c\000a\000t\000i\000v\000o\000\051}{}% 51
\BOOKMARK [2][-]{subsection.7.1}{\376\377\000F\000u\000n\000z\000i\000o\000n\000a\000m\000e\000n\000t\000o}{section.7}% 52
\BOOKMARK [2][-]{subsection.7.2}{\376\377\000P\000r\000o\000t\000o\000c\000o\000l\000l\000o\000\040\000F\000T\000P}{section.7}% 53
\BOOKMARK [3][-]{subsubsection.7.2.1}{\376\377\000M\000I\000M\000E}{subsection.7.2}% 54
\BOOKMARK [2][-]{subsection.7.3}{\376\377\000P\000O\000P\0003}{section.7}% 55
\BOOKMARK [3][-]{subsubsection.7.3.1}{\376\377\000C\000a\000r\000a\000t\000t\000e\000r\000i\000s\000t\000i\000c\000h\000e\000\040\000p\000r\000i\000n\000c\000i\000p\000a\000l\000i\000\040\000d\000i\000\040\000P\000O\000P\0003}{subsection.7.3}% 56
\BOOKMARK [3][-]{subsubsection.7.3.2}{\376\377\000E\000s\000e\000m\000p\000i\000\040\000d\000i\000\040\000u\000t\000i\000l\000i\000z\000z\000o}{subsection.7.3}% 57
\BOOKMARK [3][-]{subsubsection.7.3.3}{\376\377\000L\000i\000m\000i\000t\000i\000\040\000d\000i\000\040\000P\000O\000P\0003}{subsection.7.3}% 58
\BOOKMARK [3][-]{subsubsection.7.3.4}{\376\377\000D\000i\000f\000f\000e\000r\000e\000n\000z\000e\000\040\000r\000i\000s\000p\000e\000t\000t\000o\000\040\000a\000d\000\040\000a\000l\000t\000r\000i\000\040\000p\000r\000o\000t\000o\000c\000o\000l\000l\000i}{subsection.7.3}% 59
\BOOKMARK [1][-]{section.8}{\376\377\000C\000D\000N\000\040\000\050\000a\000p\000p\000l\000i\000c\000a\000t\000i\000v\000o\000\051}{}% 60
\BOOKMARK [1][-]{section.9}{\376\377\000P\0002\000P}{}% 61
\BOOKMARK [2][-]{subsection.9.1}{\376\377\000D\000i\000r\000e\000c\000t\000o\000r\000y\000\040\000c\000e\000n\000t\000r\000a\000l\000i\000z\000z\000a\000t\000a\000/\000d\000e\000c\000e\000n\000t\000r\000a\000l\000i\000z\000z\000a\000t\000a}{section.9}% 62
\BOOKMARK [3][-]{subsubsection.9.1.1}{\376\377\000D\000i\000r\000e\000c\000t\000o\000r\000y\000\040\000c\000e\000n\000t\000r\000a\000l\000i\000z\000z\000a\000t\000a}{subsection.9.1}% 63
\BOOKMARK [3][-]{subsubsection.9.1.2}{\376\377\000D\000i\000r\000e\000c\000t\000o\000r\000y\000\040\000d\000e\000c\000e\000n\000t\000r\000a\000l\000i\000z\000z\000a\000t\000a}{subsection.9.1}% 64
\BOOKMARK [1][-]{section.10}{\376\377\000I\000P\000v\0004\000\040\000\050\000r\000e\000t\000e\000\051}{}% 65
\BOOKMARK [2][-]{subsection.10.1}{\376\377\000H\000e\000a\000d\000e\000r\000\040\000I\000P\000v\0004}{section.10}% 66
\BOOKMARK [3][-]{subsubsection.10.1.1}{\376\377\000I\000d\000e\000n\000t\000i\000f\000i\000c\000a\000t\000i\000o\000n\000,\000\040\000F\000l\000a\000g\000s\000,\000\040\000F\000r\000a\000g\000m\000e\000n\000t\000\040\000o\000f\000f\000s\000e\000t}{subsection.10.1}% 67
\BOOKMARK [3][-]{subsubsection.10.1.2}{\376\377\000F\000r\000a\000m\000m\000e\000n\000t\000a\000z\000i\000o\000n\000e\000\040\000e\000\040\000r\000i\000a\000s\000s\000e\000m\000b\000l\000a\000g\000g\000i\000o}{subsection.10.1}% 68
\BOOKMARK [3][-]{subsubsection.10.1.3}{\376\377\000O\000p\000z\000i\000o\000n\000i\000\040\000d\000e\000l\000l\000'\000h\000e\000a\000d\000e\000r\000\040\000I\000P\000v\0004}{subsection.10.1}% 69
\BOOKMARK [2][-]{subsection.10.2}{\376\377\000I\000n\000d\000i\000r\000i\000z\000z\000i\000\040\000I\000P}{section.10}% 70
\BOOKMARK [3][-]{subsubsection.10.2.1}{\376\377\000I\000n\000d\000i\000r\000i\000z\000z\000i\000\040\000I\000P\000\040\000e\000\040\000c\000l\000a\000s\000s\000i}{subsection.10.2}% 71
\BOOKMARK [2][-]{subsection.10.3}{\376\377\000N\000e\000t\000m\000a\000s\000k}{section.10}% 72
\BOOKMARK [3][-]{subsubsection.10.3.1}{\376\377\000F\000i\000x\000e\000d\000\040\000L\000e\000n\000g\000t\000h\000\040\000S\000u\000b\000n\000e\000t\000\040\000M\000a\000s\000k}{subsection.10.3}% 73
\BOOKMARK [3][-]{subsubsection.10.3.2}{\376\377\000V\000a\000r\000i\000a\000b\000l\000e\000\040\000L\000e\000n\000g\000t\000h\000\040\000S\000u\000b\000n\000e\000t\000\040\000M\000a\000s\000k}{subsection.10.3}% 74
\BOOKMARK [2][-]{subsection.10.4}{\376\377\000R\000o\000u\000t\000e\000r}{section.10}% 75
\BOOKMARK [3][-]{subsubsection.10.4.1}{\376\377\000F\000o\000r\000w\000a\000r\000d\000i\000n\000g\000/\000R\000o\000u\000t\000i\000n\000g}{subsection.10.4}% 76
\BOOKMARK [3][-]{subsubsection.10.4.2}{\376\377\000R\000o\000u\000t\000i\000n\000g\000\040\000S\000t\000a\000t\000i\000c\000o\000\040\000e\000\040\000D\000i\000n\000a\000m\000i\000c\000o}{subsection.10.4}% 77
\BOOKMARK [1][-]{section.11}{\376\377\000P\000r\000o\000t\000o\000c\000o\000l\000l\000o\000\040\000A\000R\000P\000\040\000\050\000d\000a\000t\000a\000\040\000l\000i\000n\000k\000\051}{}% 78
\BOOKMARK [2][-]{subsection.11.1}{\376\377\000E\000t\000h\000e\000r\000n\000e\000t}{section.11}% 79
\BOOKMARK [2][-]{subsection.11.2}{\376\377\000A\000R\000P}{section.11}% 80
\BOOKMARK [3][-]{subsubsection.11.2.1}{\376\377\000A\000R\000P\000\040\000P\000a\000c\000k\000e\000t\000\040\000F\000o\000m\000a\000t}{subsection.11.2}% 81
\BOOKMARK [3][-]{subsubsection.11.2.2}{\376\377\000G\000r\000a\000t\000u\000i\000t\000o\000s\000\040\000A\000R\000P}{subsection.11.2}% 82
\BOOKMARK [3][-]{subsubsection.11.2.3}{\376\377\000A\000R\000P\000\040\000P\000r\000o\000b\000e}{subsection.11.2}% 83
\BOOKMARK [3][-]{subsubsection.11.2.4}{\376\377\000A\000R\000P\000\040\000A\000n\000n\000o\000u\000n\000c\000e\000m\000e\000n\000t}{subsection.11.2}% 84
\BOOKMARK [1][-]{section.12}{\376\377\000I\000n\000t\000e\000r\000n\000e\000t\000\040\000C\000o\000n\000t\000r\000o\000l\000\040\000M\000e\000s\000s\000a\000g\000e\000\040\000P\000r\000o\000t\000o\000c\000o\000l\000\040\000\050\000I\000C\000M\000P\000\040\000A\000p\000p\000l\000i\000c\000a\000t\000i\000v\000o\000\051}{}% 85
\BOOKMARK [2][-]{subsection.12.1}{\376\377\000S\000c\000o\000p\000o\000\040\000d\000i\000\040\000I\000C\000M\000P}{section.12}% 86
\BOOKMARK [2][-]{subsection.12.2}{\376\377\000F\000u\000n\000z\000i\000o\000n\000a\000m\000e\000n\000t\000o\000\040\000d\000i\000\040\000I\000C\000M\000P}{section.12}% 87
\BOOKMARK [3][-]{subsubsection.12.2.1}{\376\377\000S\000t\000r\000u\000t\000t\000u\000r\000a\000\040\000d\000i\000\040\000u\000n\000\040\000m\000e\000s\000s\000a\000g\000g\000i\000o\000\040\000I\000C\000M\000P}{subsection.12.2}% 88
\BOOKMARK [3][-]{subsubsection.12.2.2}{\376\377\000E\000s\000e\000m\000p\000i\000\040\000d\000i\000\040\000m\000e\000s\000s\000a\000g\000g\000i\000\040\000I\000C\000M\000P}{subsection.12.2}% 89
\BOOKMARK [2][-]{subsection.12.3}{\376\377\000S\000i\000c\000u\000r\000e\000z\000z\000a\000\040\000e\000\040\000I\000C\000M\000P}{section.12}% 90
\BOOKMARK [1][-]{section.13}{\376\377\000N\000A\000T\000\040\000\050\000r\000e\000t\000e\000\051}{}% 91
\BOOKMARK [2][-]{subsection.13.1}{\376\377\000F\000u\000n\000z\000i\000o\000n\000a\000m\000e\000n\000t\000o}{section.13}% 92
\BOOKMARK [1][-]{section.14}{\376\377\000P\000r\000o\000t\000o\000c\000o\000l\000l\000o\000\040\000D\000H\000C\000P\000\040\000\050\000a\000p\000p\000l\000i\000c\000a\000t\000i\000v\000o\000\051}{}% 93
\BOOKMARK [2][-]{subsection.14.1}{\376\377\000C\000o\000s\000'\000\350\000\040\000i\000l\000\040\000D\000H\000C\000P}{section.14}% 94
\BOOKMARK [2][-]{subsection.14.2}{\376\377\000A\000\040\000c\000o\000s\000a\000\040\000s\000e\000r\000v\000e\000\040\000i\000l\000\040\000D\000H\000C\000P\000?}{section.14}% 95
\BOOKMARK [2][-]{subsection.14.3}{\376\377\000F\000u\000n\000z\000i\000o\000n\000a\000m\000e\000n\000t\000o\000\040\000d\000e\000l\000\040\000D\000H\000C\000P}{section.14}% 96
\BOOKMARK [2][-]{subsection.14.4}{\376\377\000V\000a\000n\000t\000a\000g\000g\000i\000\040\000d\000e\000l\000\040\000D\000H\000C\000P}{section.14}% 97
\BOOKMARK [1][-]{section.15}{\376\377\000R\000o\000u\000t\000i\000n\000g\000\040\000\050\000r\000e\000t\000e\000\051}{}% 98
\BOOKMARK [2][-]{subsection.15.1}{\376\377\000T\000i\000p\000o\000l\000o\000g\000i\000e\000\040\000d\000i\000\040\000r\000o\000u\000t\000i\000n\000g}{section.15}% 99
\BOOKMARK [2][-]{subsection.15.2}{\376\377\000T\000e\000c\000n\000i\000c\000h\000e\000\040\000d\000i\000\040\000r\000o\000u\000t\000i\000n\000g}{section.15}% 100
\BOOKMARK [1][-]{section.16}{\376\377\000R\000o\000u\000t\000i\000n\000g\000\040\000D\000i\000s\000t\000a\000n\000c\000e\000\040\000V\000e\000c\000t\000o\000r}{}% 101
\BOOKMARK [2][-]{subsection.16.1}{\376\377\000E\000q\000u\000a\000z\000i\000o\000n\000e\000\040\000d\000i\000\040\000B\000e\000l\000l\000m\000a\000n\000-\000F\000o\000r\000d}{section.16}% 102
\BOOKMARK [2][-]{subsection.16.2}{\376\377\000V\000e\000l\000o\000c\000i\000t\000\340\000\040\000d\000i\000\040\000C\000o\000n\000v\000e\000r\000g\000e\000n\000z\000a}{section.16}% 103
\BOOKMARK [2][-]{subsection.16.3}{\376\377\000P\000o\000i\000s\000o\000n\000e\000d\000\040\000R\000e\000v\000e\000r\000s\000e}{section.16}% 104
\BOOKMARK [1][-]{section.17}{\376\377\000L\000i\000n\000k\000-\000S\000t\000a\000t\000e\000\040\000e\000\040\000D\000i\000j\000k\000s\000t\000r\000a}{}% 105
\BOOKMARK [2][-]{subsection.17.1}{\376\377\000R\000o\000u\000t\000i\000n\000g\000\040\000L\000i\000n\000k\000-\000S\000t\000a\000t\000e}{section.17}% 106
\BOOKMARK [3][-]{subsubsection.17.1.1}{\376\377\000L\000S\000P\000\040\000f\000l\000o\000o\000d\000i\000n\000g}{subsection.17.1}% 107
\BOOKMARK [3][-]{subsubsection.17.1.2}{\376\377\000G\000e\000s\000t\000i\000o\000n\000e\000\040\000L\000S\000P}{subsection.17.1}% 108
\BOOKMARK [3][-]{subsubsection.17.1.3}{\376\377\000A\000r\000c\000h\000i\000t\000e\000t\000t\000u\000r\000a\000\040\000L\000i\000n\000k\000-\000S\000t\000a\000t\000e}{subsection.17.1}% 109
\BOOKMARK [2][-]{subsection.17.2}{\376\377\000A\000l\000g\000o\000r\000i\000t\000m\000o\000\040\000d\000i\000\040\000D\000i\000j\000k\000s\000t\000r\000a}{section.17}% 110
\BOOKMARK [3][-]{subsubsection.17.2.1}{\376\377\000D\000e\000s\000c\000r\000i\000z\000i\000o\000n\000e\000\040\000d\000e\000l\000l\000'\000A\000l\000g\000o\000r\000i\000t\000m\000o}{subsection.17.2}% 111
\BOOKMARK [1][-]{section.18}{\376\377\000P\000r\000o\000t\000o\000c\000o\000l\000l\000o\000\040\000O\000S\000P\000F\000\040\000\050\000r\000e\000t\000e\000\051}{}% 112
\BOOKMARK [1][-]{section.19}{\376\377\000R\000o\000u\000t\000i\000n\000g\000\040\000g\000e\000r\000a\000r\000c\000h\000i\000c\000o\000\040\000\050\000r\000e\000t\000e\000\051}{}% 113
\BOOKMARK [2][-]{subsection.19.1}{\376\377\000T\000i\000p\000i\000\040\000d\000i\000\040\000A\000S}{section.19}% 114
\BOOKMARK [2][-]{subsection.19.2}{\376\377\000I\000n\000s\000t\000r\000a\000d\000a\000m\000e\000n\000t\000o\000\040\000g\000e\000r\000a\000r\000c\000h\000i\000c\000o}{section.19}% 115
\BOOKMARK [1][-]{section.20}{\376\377\000M\000u\000l\000t\000i\000c\000a\000s\000t}{}% 116
\BOOKMARK [2][-]{subsection.20.1}{\376\377\000I\000n\000d\000i\000r\000i\000z\000z\000o\000\040\000M\000u\000l\000t\000i\000c\000a\000s\000t\000\040\000I\000P\000v\0004}{section.20}% 117
\BOOKMARK [2][-]{subsection.20.2}{\376\377\000M\000u\000l\000t\000i\000c\000a\000s\000t\000\040\000e\000t\000h\000e\000r\000n\000e\000t}{section.20}% 118
\BOOKMARK [2][-]{subsection.20.3}{\376\377\000M\000u\000l\000t\000i\000c\000a\000s\000t\000\040\000R\000o\000u\000t\000e\000r}{section.20}% 119
\BOOKMARK [2][-]{subsection.20.4}{\376\377\000P\000r\000o\000t\000o\000c\000o\000l\000l\000i\000\040\000m\000u\000l\000t\000i\000c\000a\000s\000t}{section.20}% 120
\BOOKMARK [3][-]{subsubsection.20.4.1}{\376\377\000I\000G\000M\000P}{subsection.20.4}% 121
\BOOKMARK [2][-]{subsection.20.5}{\376\377\000R\000o\000u\000t\000i\000n\000g\000\040\000M\000u\000l\000t\000i\000c\000a\000s\000t}{section.20}% 122
\BOOKMARK [3][-]{subsubsection.20.5.1}{\376\377\000G\000r\000o\000u\000p\000-\000S\000h\000a\000r\000e\000d\000\040\000T\000r\000e\000e}{subsection.20.5}% 123
\BOOKMARK [3][-]{subsubsection.20.5.2}{\376\377\000S\000o\000u\000r\000c\000e\000-\000b\000a\000s\000e\000d\000\040\000T\000r\000e\000e}{subsection.20.5}% 124
\BOOKMARK [1][-]{section.21}{\376\377\000M\000B\000o\000n\000e\000\040\000\050\000r\000e\000t\000e\000\051}{}% 125
\BOOKMARK [1][-]{section.22}{\376\377\000I\000P\000v\0006}{}% 126
\BOOKMARK [2][-]{subsection.22.1}{\376\377\000D\000i\000f\000f\000e\000r\000e\000n\000z\000e}{section.22}% 127
\BOOKMARK [2][-]{subsection.22.2}{\376\377\000H\000e\000a\000d\000e\000r}{section.22}% 128
\BOOKMARK [3][-]{subsubsection.22.2.1}{\376\377\000H\000e\000a\000d\000e\000r\000\040\000p\000r\000i\000n\000c\000i\000p\000a\000l\000e}{subsection.22.2}% 129
\BOOKMARK [3][-]{subsubsection.22.2.2}{\376\377\000E\000x\000t\000e\000n\000s\000i\000o\000n\000\040\000H\000e\000a\000d\000e\000r}{subsection.22.2}% 130
\BOOKMARK [2][-]{subsection.22.3}{\376\377\000I\000n\000d\000i\000r\000i\000z\000z\000i\000\040\000I\000P\000v\0006}{section.22}% 131
\BOOKMARK [2][-]{subsection.22.4}{\376\377\000I\000n\000d\000i\000r\000i\000z\000z\000i\000\040\000I\000P\000v\0006\000\040\000U\000n\000i\000c\000a\000s\000t}{section.22}% 132
\BOOKMARK [3][-]{subsubsection.22.4.1}{\376\377\000I\000n\000d\000i\000r\000i\000z\000z\000i\000\040\000L\000i\000n\000k\000-\000L\000o\000c\000a\000l}{subsection.22.4}% 133
\BOOKMARK [3][-]{subsubsection.22.4.2}{\376\377\000I\000n\000d\000i\000r\000i\000z\000z\000i\000\040\000I\000P\000v\0006\000\040\000G\000l\000o\000b\000a\000l\000\040\000U\000n\000i\000c\000a\000s\000t}{subsection.22.4}% 134
\BOOKMARK [3][-]{subsubsection.22.4.3}{\376\377\000I\000n\000d\000i\000r\000i\000z\000z\000i\000\040\000I\000P\000v\0006\000\040\000M\000u\000l\000t\000i\000c\000a\000s\000t}{subsection.22.4}% 135
\BOOKMARK [2][-]{subsection.22.5}{\376\377\000A\000s\000s\000e\000g\000n\000a\000z\000i\000o\000n\000e\000\040\000a\000d\000\040\000H\000o\000s\000t}{section.22}% 136
\BOOKMARK [2][-]{subsection.22.6}{\376\377\000I\000C\000M\000P\000v\0006}{section.22}% 137
\BOOKMARK [2][-]{subsection.22.7}{\376\377\000M\000a\000p\000p\000i\000n\000g\000\040\000I\000P\000v\0006\000\040\000-\000\040\000I\000P\000v\0004}{section.22}% 138
\BOOKMARK [1][-]{section.23}{\376\377\000M\000u\000l\000t\000i\000m\000e\000d\000i\000a\000\040\000\050\000t\000r\000a\000s\000p\000o\000r\000t\000o\000\040\000\050\000t\000r\000a\000s\000p\000o\000r\000t\000o\000\051\000\051}{}% 139
\BOOKMARK [2][-]{subsection.23.1}{\376\377\000L\000i\000v\000e\000/\000P\000r\000e\000-\000r\000e\000g\000i\000s\000t\000r\000a\000t\000e}{section.23}% 140
\BOOKMARK [3][-]{subsubsection.23.1.1}{\376\377\000P\000r\000e\000-\000r\000e\000g\000i\000s\000t\000r\000a\000t\000e}{subsection.23.1}% 141
\BOOKMARK [3][-]{subsubsection.23.1.2}{\376\377\000L\000i\000v\000e}{subsection.23.1}% 142
\BOOKMARK [1][-]{section.24}{\376\377\000R\000T\000P\000/\000R\000T\000C\000P\000\040\000\050\000a\000p\000p\000l\000i\000c\000a\000t\000i\000v\000o\000/\000t\000r\000a\000s\000p\000o\000r\000t\000o\000\051}{}% 143
\BOOKMARK [2][-]{subsection.24.1}{\376\377\000R\000T\000P}{section.24}% 144
\BOOKMARK [2][-]{subsection.24.2}{\376\377\000S\000t\000r\000u\000t\000t\000u\000r\000a}{section.24}% 145
\BOOKMARK [3][-]{subsubsection.24.2.1}{\376\377\000H\000e\000a\000d\000e\000r\000\040\000R\000T\000P}{subsection.24.2}% 146
\BOOKMARK [2][-]{subsection.24.3}{\376\377\000S\000e\000s\000s\000i\000o\000n\000e\000\040\000R\000T\000P}{section.24}% 147
\BOOKMARK [2][-]{subsection.24.4}{\376\377\000R\000T\000C\000P}{section.24}% 148
\BOOKMARK [1][-]{section.25}{\376\377\000T\000r\000a\000s\000m\000i\000s\000s\000i\000o\000n\000e\000\040\000a\000f\000f\000i\000d\000a\000b\000i\000l\000e\000\040\000\050\000t\000r\000a\000s\000p\000o\000r\000t\000o\000\051}{}% 149
\BOOKMARK [2][-]{subsection.25.1}{\376\377\000S\000o\000l\000u\000z\000i\000o\000n\000i}{section.25}% 150
\BOOKMARK [2][-]{subsection.25.2}{\376\377\000S\000t\000o\000p\000\040\000a\000n\000d\000\040\000W\000a\000i\000t}{section.25}% 151
\BOOKMARK [2][-]{subsection.25.3}{\376\377\000P\000i\000p\000e\000l\000i\000n\000i\000n\000g}{section.25}% 152
\BOOKMARK [3][-]{subsubsection.25.3.1}{\376\377\000G\000o\000\040\000B\000a\000c\000k\000-\000N}{subsection.25.3}% 153
\BOOKMARK [3][-]{subsubsection.25.3.2}{\376\377\000R\000i\000p\000e\000t\000i\000z\000i\000o\000n\000e\000\040\000s\000e\000l\000e\000t\000t\000i\000v\000a}{subsection.25.3}% 154
\BOOKMARK [1][-]{section.26}{\376\377\000T\000C\000P}{}% 155
\BOOKMARK [2][-]{subsection.26.1}{\376\377\000S\000t\000r\000u\000t\000t\000u\000r\000a}{section.26}% 156
\BOOKMARK [3][-]{subsubsection.26.1.1}{\376\377\000O\000p\000z\000i\000o\000n\000i\000\040\000h\000e\000a\000d\000e\000r\000\040\000T\000C\000P}{subsection.26.1}% 157
\BOOKMARK [2][-]{subsection.26.2}{\376\377\000A\000f\000f\000i\000d\000a\000b\000i\000l\000i\000t\000\340}{section.26}% 158
\BOOKMARK [2][-]{subsection.26.3}{\376\377\000C\000o\000n\000n\000e\000c\000t\000i\000o\000n\000\040\000E\000s\000t\000a\000b\000l\000i\000s\000h\000m\000e\000n\000t}{section.26}% 159
\BOOKMARK [2][-]{subsection.26.4}{\376\377\000S\000c\000h\000e\000m\000a\000\040\000r\000i\000a\000s\000s\000u\000n\000t\000i\000v\000o\000\040\000A\000C\000K}{section.26}% 160
\BOOKMARK [2][-]{subsection.26.5}{\376\377\000F\000l\000o\000w\000\040\000C\000o\000n\000t\000r\000o\000l}{section.26}% 161
\BOOKMARK [2][-]{subsection.26.6}{\376\377\000C\000o\000n\000g\000e\000s\000t\000i\000o\000n\000\040\000C\000o\000n\000t\000r\000o\000l}{section.26}% 162
\BOOKMARK [3][-]{subsubsection.26.6.1}{\376\377\000T\000C\000P\000\040\000c\000o\000n\000g\000e\000s\000t\000i\000o\000n\000\040\000c\000o\000n\000t\000r\000o\000l}{subsection.26.6}% 163
\BOOKMARK [1][-]{section.27}{\376\377\000E\000t\000h\000e\000r\000n\000e\000t\000\040\000\050\000d\000a\000t\000a\000\040\000l\000i\000n\000k\000\051}{}% 164
\BOOKMARK [2][-]{subsection.27.1}{\376\377\000I\000n\000d\000i\000r\000i\000z\000z\000i\000\040\000L\000A\000N}{section.27}% 165
\BOOKMARK [2][-]{subsection.27.2}{\376\377\000E\000t\000h\000e\000r\000n\000e\000t}{section.27}% 166
\BOOKMARK [3][-]{subsubsection.27.2.1}{\376\377\000C\000S\000M\000A\000/\000C\000D}{subsection.27.2}% 167
\BOOKMARK [2][-]{subsection.27.3}{\376\377\000S\000t\000a\000n\000d\000a\000r\000d\000\040\000E\000t\000h\000e\000r\000n\000e\000t\000\040\000S\000t\000o\000r\000i\000c\000i\000\040\000e\000\040\000M\000o\000d\000e\000r\000n\000i}{section.27}% 168
\BOOKMARK [2][-]{subsection.27.4}{\376\377\000D\000i\000f\000f\000e\000r\000e\000n\000z\000e\000\040\000t\000r\000a\000\040\000C\000a\000v\000i\000\040\000U\000T\000P}{section.27}% 169
\BOOKMARK [1][-]{section.28}{\376\377\000D\000i\000s\000p\000o\000s\000i\000t\000i\000v\000i\000\040\000L\000A\000N\000\040\000\050\000d\000a\000t\000a\000\040\000l\000i\000n\000k\000\051}{}% 170
\BOOKMARK [2][-]{subsection.28.1}{\376\377\000H\000u\000b}{section.28}% 171
\BOOKMARK [2][-]{subsection.28.2}{\376\377\000B\000r\000i\000d\000g\000e}{section.28}% 172
\BOOKMARK [2][-]{subsection.28.3}{\376\377\000S\000w\000i\000t\000c\000h}{section.28}% 173
\BOOKMARK [1][-]{section.29}{\376\377\000V\000L\000A\000N\000\040\000\050\000d\000a\000t\000a\000\040\000l\000i\000n\000k\000\051}{}% 174
\BOOKMARK [2][-]{subsection.29.1}{\376\377\000F\000u\000n\000z\000i\000o\000n\000a\000m\000e\000n\000t\000o}{section.29}% 175
\BOOKMARK [2][-]{subsection.29.2}{\376\377\000C\000o\000m\000u\000n\000i\000c\000a\000z\000i\000o\000n\000e\000\040\000t\000r\000a\000\040\000V\000L\000A\000N}{section.29}% 176
\BOOKMARK [2][-]{subsection.29.3}{\376\377\000V\000L\000A\000N\000\040\000t\000r\000u\000n\000k\000i\000n\000g}{section.29}% 177
\BOOKMARK [1][-]{section.30}{\376\377\000C\000r\000i\000t\000t\000o\000g\000r\000a\000f\000i\000a}{}% 178
\BOOKMARK [2][-]{subsection.30.1}{\376\377\000C\000h\000i\000a\000v\000e\000\040\000s\000i\000m\000m\000e\000t\000r\000i\000c\000a}{section.30}% 179
\BOOKMARK [3][-]{subsubsection.30.1.1}{\376\377\000C\000i\000p\000h\000e\000r\000\040\000b\000l\000o\000c\000k\000-\000c\000h\000a\000i\000n\000i\000n\000g}{subsection.30.1}% 180
\BOOKMARK [2][-]{subsection.30.2}{\376\377\000C\000h\000i\000a\000v\000e\000\040\000p\000u\000b\000b\000l\000i\000c\000a}{section.30}% 181
\BOOKMARK [1][-]{section.31}{\376\377\000S\000i\000c\000u\000r\000e\000z\000z\000a}{}% 182
\BOOKMARK [2][-]{subsection.31.1}{\376\377\000H\000a\000s\000h\000i\000n\000g\000\040\000f\000u\000n\000c\000t\000i\000o\000n\000s}{section.31}% 183
\BOOKMARK [3][-]{subsubsection.31.1.1}{\376\377\000C\000o\000l\000l\000i\000s\000i\000o\000n\000i}{subsection.31.1}% 184
\BOOKMARK [3][-]{subsubsection.31.1.2}{\376\377\000M\000e\000s\000s\000a\000g\000e\000\040\000A\000u\000t\000h\000e\000n\000t\000i\000c\000a\000t\000i\000o\000n\000\040\000C\000o\000d\000e}{subsection.31.1}% 185
\BOOKMARK [2][-]{subsection.31.2}{\376\377\000F\000i\000r\000m\000a\000\040\000D\000i\000g\000i\000t\000a\000l\000e}{section.31}% 186
\BOOKMARK [2][-]{subsection.31.3}{\376\377\000C\000e\000r\000t\000i\000f\000i\000c\000a\000z\000i\000o\000n\000e\000\040\000d\000e\000l\000l\000a\000\040\000c\000h\000i\000a\000v\000e\000\040\000p\000u\000b\000b\000l\000i\000c\000a}{section.31}% 187
\BOOKMARK [2][-]{subsection.31.4}{\376\377\000A\000u\000t\000e\000n\000t\000i\000c\000a\000z\000i\000o\000n\000e}{section.31}% 188
\BOOKMARK [2][-]{subsection.31.5}{\376\377\000E\000m\000a\000i\000l\000\040\000s\000i\000c\000u\000r\000a}{section.31}% 189
\BOOKMARK [1][-]{section.32}{\376\377\000W\000i\000r\000e\000l\000e\000s\000s}{}% 190
\BOOKMARK [2][-]{subsection.32.1}{\376\377\000W\000i\000r\000e\000l\000e\000s\000s\000\040\000L\000A\000N\000\040\0008\0000\0002\000.\0001\0001}{section.32}% 191
\BOOKMARK [3][-]{subsubsection.32.1.1}{\376\377\000A\000s\000s\000o\000c\000i\000a\000z\000i\000o\000n\000e}{subsection.32.1}% 192
\BOOKMARK [3][-]{subsubsection.32.1.2}{\376\377\000M\000e\000t\000o\000d\000o\000\040\000d\000i\000\040\000a\000c\000c\000e\000s\000s\000o}{subsection.32.1}% 193
\BOOKMARK [2][-]{subsection.32.2}{\376\377\000C\000S\000M\000A\000/\000C\000A}{section.32}% 194
